0000000000000000 T __code_start
0000000000000000 A __start__
0000000000000000 T _start
0000000000000000 b _TLS_MODULE_BASE_
0000000000000000 0000000000000004 b g_resolverCancelHandle
0000000000000004 0000000000000001 b g_resolverDisableServiceDiscovery
0000000000000008 0000000000000004 b g_resolverResult
000000000000000c 0000000000000004 B g_bsdErrno
0000000000000010 0000000000000004 B g_bsdResult
0000000000000014 0000000000000004 b fsdev_last_result
0000000000000018 0000000000000401 B __nx_dev_path_buf
0000000000000108 T __nx_exit
0000000000000118 T __nx_mod0
0000000000000140 T _init
0000000000000180 0000000000000038 T exit
00000000000001c0 00000000000001ec T main
00000000000003b0 t __do_global_dtors_aux
0000000000000400 t frame_dummy
000000000000041c 0000000000000004 b g_fsPriority
0000000000000430 0000000000000088 t WriteMemoryCallback
00000000000004c0 00000000000000a4 T download_progress
0000000000000570 00000000000001c8 T downloadFile
0000000000000740 0000000000000094 T printDisplay
00000000000007e0 0000000000000210 T unzip
00000000000009f0 00000000000000a4 t curl_global_init
0000000000000aa0 0000000000000020 t curl_global_cleanup
0000000000000ac0 00000000000000ac t curl_easy_init
0000000000000b70 0000000000000190 t curl_easy_perform
0000000000000d00 0000000000000020 t curl_easy_cleanup
0000000000000d20 00000000000000f4 t connect_SOCKS
0000000000000e20 0000000000000074 t verifyconnect
0000000000000ea0 00000000000000d4 t Curl_timeleft
0000000000000f80 000000000000008c t Curl_persistconninfo
0000000000001010 0000000000000264 t Curl_updateconninfo.part.0
0000000000001280 0000000000000014 t Curl_updateconninfo
00000000000012a0 000000000000005c t Curl_connalive
0000000000001300 00000000000000b0 t Curl_closesocket
00000000000013b0 0000000000000180 t Curl_socket
0000000000001530 00000000000008cc t singleipconnect
0000000000001e00 00000000000000dc t trynextip
0000000000001ee0 00000000000004cc t Curl_is_connected
00000000000023b0 000000000000011c t Curl_connecthost
00000000000024d0 0000000000000048 t Curl_conncontrol
0000000000002520 0000000000000074 t Curl_conn_data_pending
00000000000025a0 0000000000000010 t trhash
00000000000025b0 0000000000000014 t trhash_compare
00000000000025d0 0000000000000004 t trhash_dtor
00000000000025e0 0000000000000014 t sh_freeentry
0000000000002600 0000000000000014 t fd_key_compare
0000000000002620 0000000000000010 t hash_fd
0000000000002630 0000000000000160 t multi_getsock
0000000000002790 0000000000000494 t singlesocket
0000000000002c30 0000000000000098 t multi_timeout.part.0
0000000000002cd0 00000000000000f4 t add_next_timeout.isra.0
0000000000002dd0 000000000000049c t Curl_multi_wait.part.0
0000000000003270 00000000000001cc t Curl_multi_handle
0000000000003440 0000000000000014 t Curl_multiplex_wanted
0000000000003460 000000000000001c t Curl_attach_connnection
0000000000003480 0000000000000044 t curl_multi_poll
00000000000034d0 000000000000009c t curl_multi_info_read
0000000000003570 00000000000000b0 t Curl_multi_closed
0000000000003620 000000000000022c t curl_multi_setopt
0000000000003850 00000000000000c4 t Curl_update_timer
0000000000003920 0000000000000220 t Curl_expire
0000000000003b40 0000000000000124 t curl_multi_add_handle.part.0
0000000000003c70 0000000000000060 t curl_multi_add_handle
0000000000003cd0 0000000000000078 t process_pending_handles
0000000000003d50 0000000000000300 t multi_done
0000000000004050 0000000000000130 t curl_multi_cleanup
0000000000004180 0000000000001404 t multi_runsingle
0000000000005590 0000000000000114 t curl_multi_perform
00000000000056b0 000000000000003c t Curl_expire_done
00000000000056f0 00000000000000d0 t Curl_expire_clear
00000000000057c0 000000000000003c t Curl_init_completed
0000000000005800 000000000000020c t curl_multi_remove_handle
0000000000005a10 0000000000000014 t Curl_multi_max_host_connections
0000000000005a30 0000000000000014 t Curl_multi_max_total_connections
0000000000005a50 0000000000000028 t Curl_set_in_callback
0000000000005a80 0000000000000060 t Curl_share_lock
0000000000005ae0 0000000000000060 t Curl_share_unlock
0000000000005b40 0000000000000088 t Curl_input_digest
0000000000005bd0 00000000000001dc t Curl_output_digest
0000000000005db0 0000000000000030 t Curl_http_auth_cleanup_digest
0000000000005de0 0000000000000440 t curl_easy_strerror
0000000000006220 0000000000000118 t Curl_strerror
0000000000006340 0000000000000054 t Curl_wait_ms
00000000000063a0 00000000000001f8 t Curl_socket_check
00000000000065a0 000000000000012c t Curl_poll
00000000000066d0 000000000000014c t Curl_splay
0000000000006820 00000000000000ac t Curl_splayinsert
00000000000068d0 00000000000000a8 t Curl_splaygetbest
0000000000006980 00000000000000f0 t Curl_splayremovebyaddr
0000000000006a70 0000000000000054 t Curl_memdup
0000000000006ad0 0000000000000058 t Curl_saferealloc
0000000000006b30 0000000000000040 t Curl_SOCKS_getsock
0000000000006b70 00000000000005c0 t Curl_SOCKS4
0000000000007130 0000000000000af0 t Curl_SOCKS5
0000000000007c20 0000000000000058 t Curl_slist_append_nodup
0000000000007c80 00000000000000d0 t curl_slist_append
0000000000007d50 000000000000005c t curl_slist_free_all
0000000000007db0 0000000000000040 t curlx_nonblock
0000000000007df0 0000000000000004 t curlx_ultous
0000000000007e00 0000000000000004 t curlx_ultouc
0000000000007e10 0000000000000008 t curlx_uztosi
0000000000007e20 0000000000000004 t curlx_uztoui
0000000000007e30 0000000000000008 t curlx_sltosi
0000000000007e40 0000000000000004 t curlx_sltous
0000000000007e50 0000000000000008 t curlx_uztosz
0000000000007e60 0000000000000004 t curlx_sotouz
0000000000007e70 0000000000000024 t Curl_connect_complete
0000000000007ea0 0000000000000024 t Curl_connect_ongoing
0000000000007ed0 0000000000000038 t Curl_connect_free
0000000000007f10 0000000000000c1c t Curl_proxyCONNECT
0000000000008b30 0000000000000150 t Curl_proxy_connect
0000000000008c80 0000000000000008 t conn_llist_dtor
0000000000008c90 0000000000000044 t free_bundle_hash_entry
0000000000008ce0 0000000000000090 t Curl_conncache_init
0000000000008d70 000000000000000c t Curl_conncache_destroy
0000000000008d80 0000000000000014 t Curl_conncache_unlock
0000000000008da0 0000000000000068 t Curl_conncache_size
0000000000008e10 00000000000000c0 t Curl_conncache_find_bundle
0000000000008ed0 000000000000017c t Curl_conncache_add_conn
0000000000009050 0000000000000138 t Curl_conncache_remove_conn
0000000000009190 0000000000000114 t Curl_conncache_foreach
00000000000092b0 0000000000000128 t Curl_conncache_extract_bundle
00000000000093e0 0000000000000194 t Curl_conncache_extract_oldest
0000000000009580 00000000000000d8 t Curl_conncache_return_conn
0000000000009660 00000000000000dc t Curl_conncache_close_all_connections
0000000000009740 00000000000000e0 t escape_string
0000000000009820 0000000000000048 t mime_mem_seek
0000000000009870 0000000000000034 t mime_mem_free
00000000000098b0 0000000000000098 t mime_mem_read
0000000000009950 00000000000000b0 t readback_bytes
0000000000009a00 0000000000000044 t mime_file_free
0000000000009a50 0000000000000080 t mime_file_seek
0000000000009ad0 0000000000000080 t mime_file_read
0000000000009b50 00000000000004a4 t readback_part
000000000000a000 00000000000002cc t read_part_content.part.0
000000000000a2d0 0000000000000098 t search_header
000000000000a370 0000000000000128 t mime_subparts_seek
000000000000a4a0 0000000000000044 t mime_subparts_unbind
000000000000a4f0 00000000000000cc t Curl_mime_cleanpart
000000000000a5c0 00000000000000ac t curl_mime_free.part.0
000000000000a670 0000000000000044 t mime_subparts_free
000000000000a6c0 000000000000008c t curl_mime_init
000000000000a750 0000000000000038 t Curl_mime_initpart
000000000000a790 0000000000000090 t curl_mime_addpart
000000000000a820 0000000000000070 t curl_mime_name
000000000000a890 0000000000000070 t curl_mime_filename
000000000000a900 00000000000001c4 t curl_mime_filedata.part.0
000000000000aad0 0000000000000118 t curl_mime_data
000000000000abf0 0000000000000088 t curl_mime_filedata
000000000000ac80 0000000000000070 t curl_mime_type
000000000000acf0 000000000000007c t curl_mime_headers
000000000000ad70 00000000000000a8 t curl_mime_data_cb
000000000000ae20 0000000000000154 t Curl_mime_set_subparts
000000000000af80 0000000000000008 t curl_mime_subparts
000000000000af90 0000000000000050 T Curl_mime_read
000000000000afe0 00000000000000a4 t Curl_mime_rewind
000000000000b090 0000000000000188 t Curl_mime_size
000000000000b220 00000000000000e4 t Curl_mime_add_header
000000000000b310 00000000000000b8 t Curl_mime_contenttype
000000000000b3d0 000000000000051c t Curl_mime_prepare_headers
000000000000b8f0 00000000000000d0 t setstropt_userpwd
000000000000b9c0 00000000000000ac t Curl_setstropt
000000000000ba70 0000000000002ee4 t Curl_vsetopt
000000000000e960 0000000000000080 t curl_easy_setopt
000000000000e9e0 0000000000000024 t Curl_isspace
000000000000ea10 0000000000000024 t Curl_isdigit
000000000000ea40 0000000000000024 t Curl_isalnum
000000000000ea70 0000000000000028 t Curl_isxdigit
000000000000eaa0 0000000000000030 t Curl_isgraph
000000000000ead0 0000000000000024 t Curl_isalpha
000000000000eb00 0000000000000024 t Curl_isupper
000000000000eb30 0000000000000024 t Curl_iscntrl
000000000000eb60 0000000000000058 t auth_digest_sha256_to_ascii
000000000000ebc0 0000000000000058 t auth_digest_md5_to_ascii
000000000000ec20 0000000000000598 t auth_create_digest_http_message
000000000000f1c0 0000000000000124 t Curl_auth_digest_get_pair
000000000000f2f0 0000000000000008 t Curl_auth_is_digest_supported
000000000000f300 00000000000008b0 t Curl_auth_create_digest_md5_message
000000000000fbb0 0000000000000088 t Curl_auth_create_digest_http_message
000000000000fc40 0000000000000098 t Curl_auth_digest_cleanup
000000000000fce0 000000000000050c t Curl_auth_decode_digest_http_message
00000000000101f0 0000000000000004 T Curl_none_cleanup
0000000000010200 0000000000000008 T Curl_none_shutdown
0000000000010210 0000000000000008 T Curl_none_check_cxn
0000000000010220 0000000000000008 T Curl_none_random
0000000000010230 0000000000000004 T Curl_none_close_all
0000000000010240 0000000000000008 T Curl_none_data_pending
0000000000010250 0000000000000008 T Curl_none_cert_status_request
0000000000010260 0000000000000008 T Curl_none_set_engine
0000000000010270 0000000000000008 T Curl_none_set_engine_default
0000000000010280 0000000000000008 T Curl_none_engines_list
0000000000010290 0000000000000190 t Curl_multissl_version
0000000000010420 0000000000000068 t ssl_prefs_check
0000000000010490 000000000000007c T Curl_none_md5sum
0000000000010510 00000000000000c8 t multissl_init.part.0
00000000000105e0 00000000000000b8 t ssl_connect_init_proxy
00000000000106a0 00000000000000ac t Curl_ssl_config_matches.part.0
0000000000010750 000000000000006c t Curl_ssl_free_certinfo.part.0
00000000000107c0 0000000000000008 T Curl_none_false_start
00000000000107d0 0000000000000004 T Curl_none_session_free
00000000000107e0 0000000000000060 t Curl_multissl_init
0000000000010840 000000000000007c t Curl_multissl_close
00000000000108c0 0000000000000070 t Curl_multissl_connect
0000000000010930 0000000000000070 t Curl_multissl_get_internals
00000000000109a0 0000000000000078 t Curl_multissl_connect_nonblocking
0000000000010a20 0000000000000048 t Curl_ssl_config_matches
0000000000010a70 00000000000001f4 t Curl_clone_primary_ssl_config
0000000000010c70 00000000000000a4 t Curl_free_primary_ssl_config
0000000000010d20 0000000000000058 t Curl_ssl_backend
0000000000010d80 0000000000000030 t Curl_ssl_init
0000000000010db0 0000000000000038 t Curl_ssl_cleanup
0000000000010df0 00000000000000b8 t Curl_ssl_connect
0000000000010eb0 00000000000000cc t Curl_ssl_connect_nonblocking
0000000000010f80 000000000000006c t Curl_ssl_kill_session
0000000000010ff0 0000000000000098 t Curl_ssl_close_all
0000000000011090 0000000000000008 t Curl_ssl_getsock
00000000000110a0 0000000000000014 t Curl_ssl_close
00000000000110c0 000000000000007c t Curl_ssl_shutdown
0000000000011140 0000000000000014 t Curl_ssl_set_engine
0000000000011160 0000000000000014 t Curl_ssl_set_engine_default
0000000000011180 0000000000000074 t Curl_ssl_initsessions
0000000000011200 0000000000000014 t Curl_ssl_check_cxn
0000000000011220 0000000000000014 t Curl_ssl_data_pending
0000000000011240 0000000000000010 t Curl_ssl_free_certinfo
0000000000011250 000000000000006c t Curl_ssl_init_certinfo
00000000000112c0 0000000000000124 t Curl_ssl_push_certinfo_len
00000000000113f0 000000000000004c t Curl_ssl_push_certinfo
0000000000011440 0000000000000014 t Curl_ssl_random
0000000000011460 00000000000004c4 t Curl_pin_peer_pubkey
0000000000011930 0000000000000014 t Curl_ssl_cert_status_request
0000000000011950 0000000000000014 t Curl_ssl_false_start
0000000000011970 0000000000000014 t Curl_ssl_tls13_ciphersuites
0000000000011990 0000000000000008 t Curl_libnx_get_internals
00000000000119a0 000000000000002c t Curl_libnx_sha256sum
00000000000119d0 0000000000000058 t Curl_libnx_close
0000000000011a30 0000000000000074 t libnx_send
0000000000011ab0 000000000000009c t libnx_recv
0000000000011b50 0000000000000020 t Curl_libnx_version
0000000000011b70 00000000000000e8 t load_file
0000000000011c60 000000000000018c t load_capath
0000000000011df0 0000000000000404 t libnx_connect_step2
0000000000012200 0000000000000028 t Curl_libnx_random
0000000000012230 000000000000004c t Curl_libnx_data_pending
0000000000012280 0000000000000060 t Curl_libnx_check_cxn
00000000000122e0 0000000000000014 t Curl_libnx_cleanup
0000000000012300 0000000000000038 t Curl_libnx_init
0000000000012340 0000000000000940 t libnx_connect_common
0000000000012c80 000000000000000c t Curl_libnx_connect_nonblocking
0000000000012c90 0000000000000020 t Curl_libnx_connect
0000000000012cb0 0000000000000064 t Curl_now
0000000000012d20 0000000000000074 t Curl_timediff
0000000000012da0 0000000000000054 t Curl_timediff_us
0000000000012e00 0000000000000218 t base64_encode.constprop.0
0000000000013020 0000000000000234 t Curl_base64_decode
0000000000013260 000000000000000c t Curl_base64_encode
0000000000013270 000000000000000c t Curl_base64url_encode
0000000000013280 0000000000000028 t hostcache_timestamp_remove
00000000000132b0 0000000000000054 t freednsentry
0000000000013310 0000000000000098 t create_hostcache_id.constprop.0
00000000000133b0 0000000000000110 t fetch_addr.isra.0
00000000000134c0 0000000000000020 t Curl_num_addresses
00000000000134e0 000000000000002c t Curl_printable_address
0000000000013510 0000000000000084 t Curl_hostcache_prune
00000000000135a0 0000000000000084 t Curl_fetch_addr
0000000000013630 000000000000029c t Curl_cache_addr
00000000000138d0 0000000000000258 t Curl_resolv
0000000000013b30 000000000000008c t Curl_resolv_timeout
0000000000013bc0 00000000000000c4 t Curl_resolv_unlock
0000000000013c90 0000000000000020 t Curl_mk_dnscache
0000000000013cb0 000000000000006c t Curl_hostcache_clean
0000000000013d20 0000000000000448 t Curl_loadhostpairs
0000000000014170 0000000000000018 t Curl_resolv_check
0000000000014190 0000000000000008 t Curl_resolv_getsock
00000000000141a0 0000000000000060 t Curl_once_resolved
0000000000014200 000000000000010c t time2str
0000000000014310 00000000000001b0 t max5data
00000000000144c0 0000000000000018 t Curl_pgrsResetTransferSizes
00000000000144e0 0000000000000160 t Curl_pgrsTime
0000000000014640 00000000000000bc t Curl_pgrsLimitWaitTime
0000000000014700 0000000000000008 t Curl_pgrsSetDownloadCounter
0000000000014710 00000000000000b8 t Curl_ratelimit
00000000000147d0 000000000000006c t Curl_pgrsStartNow
0000000000014840 0000000000000008 t Curl_pgrsSetUploadCounter
0000000000014850 0000000000000028 t Curl_pgrsSetDownloadSize
0000000000014880 0000000000000028 t Curl_pgrsSetUploadSize
00000000000148b0 000000000000062c t Curl_pgrsUpdate
0000000000014ee0 000000000000005c t Curl_pgrsDone
0000000000014f40 0000000000000090 t freecookie
0000000000014fd0 0000000000000020 t cookie_sort_ct
0000000000014ff0 00000000000000a8 t remove_expired
00000000000150a0 000000000000012c t cookie_sort
00000000000151d0 0000000000000088 t tailmatch
0000000000015260 0000000000000108 t sanitize_cookie_path
0000000000015370 0000000000000100 t get_netscape_format
0000000000015470 00000000000000cc t cookiehash
0000000000015540 0000000000000f08 t Curl_cookie_add
0000000000016450 000000000000043c t Curl_cookie_getlist
0000000000016890 000000000000005c t Curl_cookie_clearall
00000000000168f0 0000000000000038 t Curl_cookie_freelist
0000000000016930 00000000000000ac t Curl_cookie_clearsess
00000000000169e0 0000000000000084 t Curl_cookie_cleanup
0000000000016a70 0000000000000278 t Curl_cookie_init
0000000000016cf0 00000000000000a4 t Curl_cookie_loadfiles
0000000000016da0 00000000000003ec t Curl_flush_cookies
0000000000017190 00000000000000a8 t pickoneauth
0000000000017240 0000000000000070 t http_should_fail
00000000000172b0 0000000000000010 t http_getsock_do
00000000000172c0 00000000000000b8 t http_setup_conn
0000000000017380 0000000000000018 t https_getsock
00000000000173a0 0000000000000050 t https_connecting
00000000000173f0 00000000000000e8 t readmoredata
00000000000174e0 0000000000000108 t header_append
00000000000175f0 0000000000000104 t http_perhapsrewind
0000000000017700 00000000000000bc t checkhttpprefix.isra.0
00000000000177c0 0000000000000068 t checkprotoprefix.isra.0
0000000000017830 00000000000000fc t Curl_http_done
0000000000017930 0000000000000090 t Curl_checkProxyheaders
00000000000179c0 000000000000034c t output_auth_headers
0000000000017d10 0000000000000100 t Curl_copy_header_value
0000000000017e10 0000000000000248 t Curl_http_auth_act
0000000000018060 0000000000000188 t Curl_http_output_auth
00000000000181f0 00000000000001e4 t Curl_http_input_auth
00000000000183e0 000000000000001c t Curl_add_buffer_init
0000000000018400 0000000000000058 t Curl_add_buffer_free
0000000000018460 0000000000000238 t Curl_add_buffer_send
00000000000186a0 0000000000000154 t Curl_add_buffer
0000000000018800 0000000000000110 t Curl_add_bufferf
0000000000018910 000000000000018c t Curl_http_connect
0000000000018aa0 0000000000000100 t Curl_compareheader
0000000000018ba0 00000000000000d0 t expect100
0000000000018c70 00000000000000ec t Curl_http_compile_trailers
0000000000018d60 00000000000003fc t Curl_add_custom_headers
0000000000019160 000000000000015c t Curl_add_timecondition
00000000000192c0 00000000000017f8 T Curl_http
000000000001aac0 0000000000001110 t Curl_http_readwrite_headers
000000000001bbd0 000000000000011c t pausewrite
000000000001bcf0 0000000000000008 t Curl_recv_has_postponed_data
000000000001bd00 00000000000001c8 t Curl_sendf
000000000001bed0 000000000000008c t Curl_write
000000000001bf60 0000000000000064 t Curl_read_plain
000000000001bfd0 000000000000007c t Curl_read
000000000001c050 00000000000000d4 t Curl_debug
000000000001c130 000000000000013c t Curl_infof
000000000001c270 000000000000012c t Curl_failf
000000000001c3a0 00000000000000d8 t Curl_send_plain
000000000001c480 000000000000003c t Curl_write_plain
000000000001c4c0 00000000000000cc T Curl_recv_plain
000000000001c590 0000000000000430 t Curl_client_write
000000000001c9c0 0000000000000164 t get_protocol_family
000000000001cb30 00000000000000c0 t up_free
000000000001cbf0 0000000000000214 t conn_free
000000000001ce10 00000000000000ec t setup_range
000000000001cf00 0000000000000078 t zonefrom_url
000000000001cf80 000000000000004c t strip_trailing_dot
000000000001cfd0 00000000000000d4 t parse_proxy_auth
000000000001d0b0 00000000000003b8 t parse_proxy
000000000001d470 0000000000000124 t call_extract_if_dead
000000000001d5a0 00000000000000a4 t Curl_freeset
000000000001d650 0000000000000218 t Curl_close
000000000001d870 000000000000019c t Curl_init_userdefined
000000000001da10 0000000000000130 t Curl_open
000000000001db40 0000000000000178 t Curl_disconnect
000000000001dcc0 000000000000006c t Curl_verboseconnect
000000000001dd30 0000000000000028 t Curl_is_ASCII_name
000000000001dd60 000000000000004c t Curl_idnconvert_hostname
000000000001ddb0 0000000000000004 t Curl_free_idnconverted_hostname
000000000001ddc0 0000000000000054 t Curl_builtin_scheme
000000000001de20 0000000000000024 t Curl_uc_to_curlcode
000000000001de50 0000000000000050 t Curl_free_request_state
000000000001dea0 00000000000003b4 t Curl_parse_login_details
000000000001e260 000000000000015c t Curl_setup_conn
000000000001e3c0 00000000000000ec t Curl_init_do
000000000001e4b0 0000000000002610 t Curl_connect
0000000000020ac0 00000000000000f8 t unescape_word
0000000000020bc0 0000000000000498 t dict_do
0000000000021060 0000000000000008 t Curl_ipv6_scope
0000000000021070 000000000000010c t Curl_if2ip
0000000000021180 0000000000000010 t Curl_speedinit
0000000000021190 00000000000000cc t Curl_speedcheck
0000000000021260 000000000000003c t curl_getenv
00000000000212a0 0000000000000064 t Curl_isunreserved
0000000000021310 00000000000001c4 t Curl_urldecode
00000000000214e0 0000000000000014 t curl_free
0000000000021500 0000000000000038 t addbyter
0000000000021540 00000000000000d0 t alloc_addbyter
0000000000021610 00000000000000c4 t curl_msnprintf
00000000000216e0 0000000000001418 t dprintf_formatf
0000000000022b00 0000000000000074 t curl_mvsnprintf
0000000000022b80 0000000000000124 t curl_maprintf
0000000000022cb0 00000000000000d4 t curl_mvaprintf
0000000000022d90 0000000000000080 t curl_mfprintf
0000000000022e10 0000000000000058 t telnet_done
0000000000022e70 0000000000000288 t check_telnet_options
0000000000023100 00000000000001d0 t send_telnet_data
00000000000232d0 0000000000000414 t printsub.part.0
00000000000236f0 00000000000000d8 t printoption.part.0
00000000000237d0 0000000000000098 t send_negotiation
0000000000023870 0000000000000140 t sendsuboption
00000000000239b0 0000000000000344 t suboption
0000000000023d00 0000000000000bc4 t telnet_do
00000000000248d0 0000000000000458 t parsenetrc
0000000000024d30 00000000000000e8 t Curl_parsenetrc
0000000000024e20 00000000000000c0 t Curl_initinfo
0000000000024ee0 000000000000006c t Curl_trailers_read
0000000000024f50 0000000000000078 t Curl_checkheaders
0000000000024fd0 000000000000004c t Curl_get_upload_buffer
0000000000025020 0000000000000420 t Curl_fillreadbuffer
0000000000025440 000000000000019c t Curl_readrewind
00000000000255e0 0000000000000088 t Curl_meets_timecondition
0000000000025670 0000000000000020 t Curl_done_sending
0000000000025690 0000000000000e0c t Curl_readwrite
00000000000264a0 0000000000000098 t Curl_single_getsock
0000000000026540 0000000000000014 t Curl_init_CONNECT
0000000000026560 00000000000001f0 t Curl_pretransfer
0000000000026750 0000000000000008 t Curl_posttransfer
0000000000026760 0000000000000314 t Curl_follow
0000000000026a80 000000000000014c t Curl_retry_request
0000000000026bd0 0000000000000180 t Curl_setup_transfer
0000000000026d50 0000000000000020 t Curl_raw_toupper
0000000000026d70 00000000000000b0 t Curl_strcasecompare
0000000000026e20 0000000000000020 t Curl_safe_strcasecompare
0000000000026e40 00000000000000c4 t Curl_strncasecompare
0000000000026f10 0000000000000044 t Curl_strntoupper
0000000000026f60 0000000000000004 t curl_strequal
0000000000026f70 0000000000000004 t curl_strnequal
0000000000026f80 0000000000000008 t fileinfo_dtor
0000000000026f90 0000000000000038 t Curl_wildcard_init
0000000000026fd0 0000000000000078 t Curl_wildcard_dtor
0000000000027050 0000000000000010 t Curl_httpchunk_init
0000000000027060 0000000000000450 t Curl_httpchunk_read
00000000000274b0 0000000000000094 t Curl_chunked_strerror
0000000000027550 000000000000000c t Curl_llist_init
0000000000027560 0000000000000074 t Curl_llist_insert_next
00000000000275e0 000000000000008c t Curl_llist_remove
0000000000027670 00000000000000b8 t Curl_llist_destroy
0000000000027730 0000000000000008 t Curl_llist_count
0000000000027740 000000000000004c t hash_element_dtor
0000000000027790 00000000000000cc t Curl_hash_init
0000000000027860 0000000000000100 t Curl_hash_add
0000000000027960 00000000000000c0 t Curl_hash_delete
0000000000027a20 00000000000000a8 t Curl_hash_pick
0000000000027ad0 000000000000006c t Curl_hash_destroy
0000000000027b40 0000000000000088 t Curl_hash_clean
0000000000027bd0 00000000000000bc t Curl_hash_clean_with_criterium
0000000000027c90 0000000000000030 T Curl_hash_str
0000000000027cc0 0000000000000038 T Curl_str_key_compare
0000000000027d00 0000000000000010 t Curl_hash_start_iterate
0000000000027d10 0000000000000070 t Curl_hash_next_element
0000000000027d80 000000000000001c t zalloc_cb
0000000000027da0 0000000000000018 t zfree_cb
0000000000027dc0 0000000000000014 t identity_init_writer
0000000000027de0 0000000000000004 t identity_close_writer
0000000000027df0 0000000000000014 t client_init_writer
0000000000027e10 00000000000000bc t check_gzip_header.part.0
0000000000027ed0 0000000000000020 t client_unencode_write
0000000000027ef0 0000000000000004 t client_close_writer
0000000000027f00 0000000000000004 t error_close_writer
0000000000027f10 0000000000000014 t error_init_writer
0000000000027f30 0000000000000020 t identity_unencode_write
0000000000027f50 00000000000000ac t deflate_init_writer
0000000000028000 0000000000000098 t gzip_close_writer
00000000000280a0 0000000000000098 t deflate_close_writer
0000000000028140 00000000000000cc t exit_zlib
0000000000028210 0000000000000110 t gzip_init_writer
0000000000028320 0000000000000304 t inflate_stream
0000000000028630 000000000000007c t deflate_unencode_write
00000000000286b0 0000000000000320 t gzip_unencode_write
00000000000289d0 0000000000000120 t Curl_all_content_encodings
0000000000028af0 0000000000000064 t error_unencode_write
0000000000028b60 000000000000001c t Curl_unencode_write
0000000000028b80 000000000000006c t Curl_unencode_cleanup
0000000000028bf0 00000000000002b8 t Curl_build_unencoding_stack
0000000000028eb0 0000000000000a50 t body
0000000000029900 000000000000002c t MD5_Init
0000000000029930 0000000000000218 t MD5_Final
0000000000029b50 0000000000000108 t MD5_Update
0000000000029c60 0000000000000078 T Curl_md5it
0000000000029ce0 0000000000000080 t Curl_MD5_init
0000000000029d60 0000000000000020 t Curl_MD5_update
0000000000029d80 0000000000000050 t Curl_MD5_final
0000000000029dd0 00000000000000e0 t curlx_strtoofft
0000000000029eb0 0000000000000010 t Curl_ipvalid
0000000000029ec0 00000000000000a4 t Curl_ipv4_resolve_r
0000000000029f70 000000000000006c t Curl_getaddrinfo
0000000000029fe0 0000000000000640 t parsedate.constprop.0
000000000002a620 0000000000000050 t Curl_getdate_capped
000000000002a670 0000000000000028 t Curl_gmtime
000000000002a6a0 0000000000000058 t tftp_disconnect
000000000002a700 0000000000000010 t tftp_getsock
000000000002a710 000000000000030c t tftp_rx
000000000002aa20 000000000000017c t tftp_set_timeouts
000000000002aba0 0000000000000370 t tftp_tx
000000000002af10 00000000000001cc t tftp_connect
000000000002b0e0 00000000000000bc t tftp_setup_connection
000000000002b1a0 00000000000000a0 t tftp_translate_code.part.0
000000000002b240 0000000000000054 t tftp_done
000000000002b2a0 000000000000050c t tftp_send_first
000000000002b7b0 0000000000000080 t tftp_state_machine
000000000002b830 000000000000068c t tftp_multi_statemach
000000000002bec0 0000000000000070 t tftp_doing
000000000002bf30 00000000000000bc t tftp_do
000000000002bff0 000000000000005c t Curl_freeaddrinfo
000000000002c050 0000000000000160 t Curl_he2ai.part.0
000000000002c1b0 00000000000001ac t Curl_getaddrinfo_ex
000000000002c360 0000000000000104 t Curl_ip2addr
000000000002c470 000000000000006c t Curl_str2addr
000000000002c4e0 0000000000000040 t Curl_memrchr
000000000002c520 000000000000015c t imap_sendf
000000000002c680 0000000000000008 t imap_getsock
000000000002c690 0000000000000074 t imap_multi_statemach
000000000002c710 00000000000000b4 t imap_get_message
000000000002c7d0 00000000000001b0 t imap_atom
000000000002c980 00000000000000e0 t imap_perform_list
000000000002ca60 0000000000000014 t imap_continue_authenticate
000000000002ca80 00000000000001a0 t imap_done
000000000002cc20 00000000000000e4 t imap_perform_fetch
000000000002cd10 00000000000000e4 t imap_matchresp
000000000002ce00 0000000000000368 t imap_endofresp
000000000002d170 0000000000000024 t imap_perform_authenticate
000000000002d1a0 00000000000000e0 t imap_perform_login
000000000002d280 00000000000000d4 t imap_perform_authentication
000000000002d360 00000000000001b8 t imap_connect
000000000002d520 0000000000000060 t imap_setup_connection
000000000002d580 0000000000000090 t imap_perform_upgrade_tls
000000000002d610 00000000000000b4 t imap_disconnect
000000000002d6d0 00000000000008f0 t imap_do
000000000002dfc0 0000000000000938 t imap_statemach_act
000000000002e900 00000000000000bc t imap_doing
000000000002e9c0 0000000000000014 t pop3_continue_auth
000000000002e9e0 0000000000000008 t pop3_getsock
000000000002e9f0 0000000000000074 t pop3_multi_statemach
000000000002ea70 0000000000000080 t pop3_done
000000000002eaf0 00000000000000b4 t pop3_get_message
000000000002ebb0 00000000000000bc t pop3_endofresp
000000000002ec70 0000000000000028 t pop3_perform_auth
000000000002eca0 000000000000012c t pop3_perform_apop.part.0
000000000002edd0 0000000000000214 t pop3_connect
000000000002eff0 00000000000000b4 t pop3_disconnect
000000000002f0b0 00000000000001a4 t pop3_do
000000000002f260 0000000000000060 t pop3_setup_connection
000000000002f2c0 0000000000000098 t pop3_perform_upgrade_tls
000000000002f360 0000000000000118 t pop3_perform_authentication
000000000002f480 0000000000000074 t pop3_doing
000000000002f500 0000000000000264 t Curl_pop3_write
000000000002f770 000000000000067c t pop3_statemach_act
000000000002fdf0 0000000000000014 t smtp_continue_auth
000000000002fe10 0000000000000008 t smtp_getsock
000000000002fe20 0000000000000074 t smtp_multi_statemach
000000000002fea0 00000000000000b4 t smtp_get_message
000000000002ff60 0000000000000110 t smtp_endofresp
0000000000030070 00000000000000b4 t smtp_perform_authentication
0000000000030130 000000000000007c t smtp_parse_url_path
00000000000301b0 00000000000001d0 t smtp_done
0000000000030380 0000000000000028 t smtp_perform_auth
00000000000303b0 0000000000000188 t smtp_connect
0000000000030540 00000000000000b4 t smtp_parse_address.constprop.0
0000000000030600 00000000000000c0 t smtp_perform_rcpt_to
00000000000306c0 0000000000000230 t smtp_perform_command
00000000000308f0 00000000000005cc t smtp_do
0000000000030ec0 0000000000000058 t smtp_setup_connection
0000000000030f20 0000000000000098 t smtp_perform_upgrade_tls
0000000000030fc0 00000000000007ec t smtp_statemach_act
00000000000317b0 00000000000000b4 t smtp_disconnect
0000000000031870 00000000000000bc t smtp_doing
0000000000031930 0000000000000238 t Curl_smtp_escape_eob
0000000000031b70 000000000000009c t Curl_pp_state_timeout
0000000000031c10 00000000000001dc t Curl_pp_statemach
0000000000031df0 000000000000003c t Curl_pp_init
0000000000031e30 00000000000001ac t Curl_pp_vsendf
0000000000031fe0 0000000000000074 t Curl_pp_sendf
0000000000032060 0000000000000334 t Curl_pp_readresp
00000000000323a0 0000000000000020 t Curl_pp_getsock
00000000000323c0 0000000000000094 t Curl_pp_flushsend
0000000000032460 0000000000000038 t Curl_pp_disconnect
00000000000324a0 000000000000002c t Curl_pp_moredata
00000000000324d0 0000000000000010 t rtsp_getsock_do
00000000000324e0 000000000000004c t rtsp_setup_connection
0000000000032530 0000000000000038 t rtsp_disconnect
0000000000032570 000000000000004c t rtsp_connect
00000000000325c0 00000000000000a4 t rtsp_done
0000000000032670 0000000000000870 t rtsp_do
0000000000032ee0 0000000000000060 t rtsp_conncheck
0000000000032f40 00000000000002dc t rtsp_rtp_readwrite
0000000000033220 00000000000001c4 t Curl_rtsp_parseheader
00000000000333f0 0000000000000054 t Curl_gethostname
0000000000033450 000000000000025c t gopher_do
00000000000336b0 0000000000000004 t Curl_sasl_cleanup
00000000000336c0 00000000000000f4 t Curl_sasl_decode_mech
00000000000337c0 00000000000000cc t Curl_sasl_parse_url_auth_option
0000000000033890 000000000000001c t Curl_sasl_init
00000000000338b0 0000000000000020 t Curl_sasl_can_authenticate
00000000000338d0 00000000000003c4 t Curl_sasl_start
0000000000033ca0 00000000000004bc t Curl_sasl_continue
0000000000034160 000000000000011c t Curl_rand
0000000000034280 00000000000000c0 t Curl_rand_hex
0000000000034340 00000000000000b4 t octet2str
0000000000034400 0000000000000140 t encodeUint
0000000000034540 00000000000002a8 t encodeOID
00000000000347f0 00000000000000ec t OID2str.part.0.constprop.0
00000000000348e0 00000000000006b8 t ASN1tostr.constprop.0
0000000000034fa0 00000000000000a4 t do_pubkey_field
0000000000035050 0000000000000124 t getASN1Element.part.0
0000000000035180 000000000000030c t encodeDN
0000000000035490 0000000000000074 t DNtostr
0000000000035510 00000000000000b0 t dumpAlgo
00000000000355c0 00000000000004e0 t Curl_parseX509
0000000000035aa0 00000000000009c0 t Curl_extract_certinfo
0000000000036460 00000000000001e8 t sha256_compress
0000000000036650 000000000000026c T Curl_sha256it
00000000000368c0 000000000000007c t skipqname
0000000000036940 000000000000009c t Curl_doh_done
00000000000369e0 000000000000008c t doh_write_cb
0000000000036a70 00000000000000d4 t cnameappend
0000000000036b50 00000000000005d0 t dohprobe
0000000000037120 000000000000014c t Curl_doh
0000000000037270 0000000000000b98 t Curl_doh_is_resolved
0000000000037e10 00000000000000b4 t free_urlhandle
0000000000037ed0 00000000000000a4 t find_host_sep
0000000000037f80 0000000000000194 t hostname_check
0000000000038120 0000000000000114 t strcpy_url
0000000000038240 0000000000000110 t Curl_is_absolute_url
0000000000038350 0000000000000944 t seturl
0000000000038ca0 000000000000001c t curl_url
0000000000038cc0 000000000000003c t curl_url_cleanup
0000000000038d00 0000000000000198 t curl_url_dup
0000000000038ea0 0000000000000650 t curl_url_get
00000000000394f0 0000000000000cdc t curl_url_set
000000000003a1d0 0000000000000094 t Curl_get_line
000000000003a270 000000000000001c t Curl_rename
000000000003a290 00000000000000f4 t Curl_os_get_system_proxy
000000000003a390 0000000000000054 t Curl_auth_build_spn
000000000003a3f0 0000000000000168 t Curl_auth_create_plain_message
000000000003a560 00000000000000a4 t Curl_auth_create_login_message
000000000003a610 00000000000000a4 t Curl_auth_create_external_message
000000000003a6c0 0000000000000068 t Curl_auth_decode_cram_md5_message
000000000003a730 00000000000001cc t Curl_auth_create_cram_md5_message
000000000003a900 00000000000000bc t Curl_auth_create_oauth_bearer_message
000000000003a9c0 0000000000000094 t Curl_auth_create_xoauth_bearer_message
000000000003aa60 0000000000000050 t file_setup_connection
000000000003aab0 000000000000005c t file_disconnect
000000000003ab10 000000000000005c t file_done
000000000003ab70 00000000000005a8 t file_do
000000000003b120 0000000000000130 t file_connect
000000000003b250 00000000000000a8 t setname
000000000003b300 00000000000002c4 t Curl_getformdata.part.0
000000000003b5d0 0000000000000060 t Curl_getformdata
000000000003b630 00000000000000a4 t freedirs
000000000003b6e0 0000000000000040 t ftp_multi_statemach
000000000003b720 0000000000000008 t ftp_getsock
000000000003b730 00000000000000a4 t ftp_connect
000000000003b7e0 0000000000000188 t ftp_state_retr
000000000003b970 00000000000000a4 t ftp_state_use_pasv
000000000003ba20 00000000000000b0 t ftp_epsv_disable
000000000003bad0 00000000000001f8 t ftp_state_ul_setup
000000000003bcd0 00000000000006ec t ftp_state_use_port
000000000003c3c0 00000000000001ec t ftp_state_list
000000000003c5b0 0000000000000494 t ftp_state_pasv_resp
000000000003ca50 000000000000007c t ftp_timeleft_accept
000000000003cad0 00000000000000b0 t InitiateTransfer
000000000003cb80 0000000000000040 t wc_data_dtor
000000000003cbc0 0000000000000390 t ftp_parse_url_path
000000000003cf50 0000000000000104 t ftp_setup_connection
000000000003d060 00000000000000a4 t ftp_domore_getsock
000000000003d110 0000000000000088 t ftp_endofresp
000000000003d1a0 000000000000012c t ftp_disconnect
000000000003d2d0 00000000000000a4 t ftp_doing
000000000003d380 000000000000015c t AcceptServerConnect
000000000003d4e0 00000000000000a4 t ftp_state_type
000000000003d590 0000000000000064 t ftp_state_mdtm
000000000003d600 0000000000000260 t ftp_state_quote
000000000003d860 0000000000000100 t ftp_state_prepare_transfer
000000000003d960 0000000000000064 t ftp_state_rest
000000000003d9d0 0000000000000064 t ftp_state_size
000000000003da40 0000000000000200 t Curl_GetFTPResponse
000000000003dc40 0000000000000168 t ReceivedServerConnect
000000000003ddb0 00000000000000e0 t AllowServerConnect
000000000003de90 00000000000016e4 t ftp_statemach_act
000000000003f580 0000000000000380 t ftp_do_more
000000000003f900 0000000000000788 t ftp_do
0000000000040090 00000000000005f8 t ftp_done
0000000000040690 000000000000001c t Curl_fileinfo_alloc
00000000000406b0 0000000000000048 t Curl_fileinfo_cleanup
0000000000040700 0000000000000170 t ftp_pl_insert_finfo
0000000000040870 000000000000001c t Curl_ftp_parselist_data_alloc
0000000000040890 0000000000000044 t Curl_ftp_parselist_data_free
00000000000408e0 0000000000000008 t Curl_ftp_parselist_geterror
00000000000408f0 0000000000000e24 T Curl_ftp_parselist
0000000000041720 0000000000000190 t Curl_HMAC_init
00000000000418b0 0000000000000020 t Curl_HMAC_update
00000000000418d0 000000000000008c t Curl_HMAC_final
0000000000041960 00000000000002f8 t Curl_dedotdotify
0000000000041c60 000000000000012c t Curl_range
0000000000041d90 0000000000000048 T Curl_fnmatch
0000000000041de0 0000000000000078 t unz64local_getByte
0000000000041e60 0000000000000070 t unz64local_getShort
0000000000041ed0 00000000000000dc t unz64local_getLong
0000000000041fb0 0000000000000160 t unz64local_getLong64
0000000000042110 00000000000006dc t unz64local_GetCurrentFileInfoInternal
00000000000427f0 0000000000000020 T unzGetGlobalInfo
0000000000042810 00000000000000cc T unzGetCurrentFileInfo
00000000000428e0 0000000000000068 T unzGoToFirstFile
0000000000042950 00000000000007e8 t unzOpenInternal
0000000000043140 000000000000000c T unzOpen
0000000000043150 00000000000000b8 T unzGoToNextFile
0000000000043210 0000000000000334 T unzReadCurrentFile
0000000000043550 00000000000000ac T unzCloseCurrentFile
0000000000043600 0000000000000050 T unzClose
0000000000043650 0000000000000520 T unzOpenCurrentFile3
0000000000043b70 0000000000000014 T unzOpenCurrentFile
0000000000043b90 000000000000000c t ferror_file_func
0000000000043ba0 0000000000000008 t fclose_file_func
0000000000043bb0 0000000000000040 t fseek64_file_func
0000000000043bf0 0000000000000008 t ftell64_file_func
0000000000043c00 0000000000000014 t fwrite_file_func
0000000000043c20 0000000000000014 t fread_file_func
0000000000043c40 0000000000000048 t fopen64_file_func
0000000000043c90 000000000000001c T call_zopen64
0000000000043cb0 000000000000001c T call_zseek64
0000000000043cd0 000000000000003c T call_ztell64
0000000000043d10 000000000000004c T fill_fopen64_filefunc
0000000000043d60 00000000000001e0 t crc32_combine_
0000000000043f40 000000000000000c T get_crc_table
0000000000043f50 000000000000030c T crc32_z
0000000000044260 0000000000000008 T crc32
0000000000044270 0000000000000004 T crc32_combine
0000000000044280 0000000000000004 T crc32_combine64
0000000000044290 0000000000000160 t updatewindow
00000000000443f0 0000000000000048 t inflateStateCheck.part.0
0000000000044440 0000000000000098 T inflateResetKeep
00000000000444e0 0000000000000054 T inflateReset
0000000000044540 00000000000000c4 T inflateReset2
0000000000044610 0000000000000118 T inflateInit2_
0000000000044730 0000000000000010 T inflateInit_
0000000000044740 000000000000009c T inflatePrime
00000000000447e0 0000000000001934 T inflate
0000000000046120 000000000000007c T inflateEnd
00000000000461a0 00000000000000dc T inflateGetDictionary
0000000000046280 00000000000000f8 T inflateSetDictionary
0000000000046380 0000000000000058 T inflateGetHeader
00000000000463e0 00000000000002cc T inflateSync
00000000000466b0 0000000000000068 T inflateSyncPoint
0000000000046720 0000000000000220 T inflateCopy
0000000000046940 0000000000000054 T inflateUndermine
00000000000469a0 0000000000000060 T inflateValidate
0000000000046a00 0000000000000088 T inflateMark
0000000000046a90 0000000000000058 T inflateCodesUsed
0000000000046af0 0000000000000480 t inflate_table
0000000000046f70 000000000000000c T zlibVersion
0000000000046f80 0000000000000008 T zlibCompileFlags
0000000000046f90 0000000000000018 T zError
0000000000046fb0 0000000000000008 T zcalloc
0000000000046fc0 0000000000000008 T zcfree
0000000000046fd0 00000000000000e4 t adler32_combine_
00000000000470c0 00000000000003a0 T adler32_z
0000000000047460 0000000000000008 T adler32
0000000000047470 0000000000000004 T adler32_combine
0000000000047480 0000000000000004 T adler32_combine64
0000000000047490 0000000000000500 t inflate_fast
0000000000047990 0000000000000024 t _appletInfiniteSleepLoop
00000000000479c0 00000000000000f0 t _appletCmdGetSession
0000000000047ab0 00000000000000cc t _appletCmdInU8NoOut
0000000000047b80 0000000000000110 t _appletGetLaunchReason
0000000000047c90 00000000000000e4 t _appletSetFocusHandlingMode
0000000000047d80 00000000000000cc t _appletCmdInU32NoOut
0000000000047e50 0000000000000118 t _appletGetSessionProxy.constprop.0
0000000000047f70 0000000000000134 t _appletOpenLibraryAppletProxy.constprop.0
00000000000480b0 00000000000000d0 t _appletCmdGetHandle.constprop.0.isra.0
0000000000048180 00000000000000d4 t _appletCmdNoInOutU8.isra.0
0000000000048260 00000000000000d4 t _appletCmdNoInOutU32.isra.0
0000000000048340 00000000000000d4 t _appletCmdNoInOutU64.isra.0
0000000000048420 00000000000000c0 t _appletCmdNoIO.isra.0
00000000000484e0 0000000000000010 T appletGetAppletType
00000000000484f0 0000000000000118 T appletSetFocusHandlingMode
0000000000048610 000000000000005c T appletSetCpuBoostMode
0000000000048670 000000000000002c T appletCreateManagedDisplayLayer
00000000000486a0 000000000000000c T appletGetAppletResourceUserId
00000000000486b0 00000000000000f8 t _appletGetIndirectLayerConsumerHandle
00000000000487b0 0000000000000088 t _appletHolderCreateState
0000000000048840 00000000000000b4 T appletHolderClose
0000000000048900 0000000000000024 T appletHolderGetLibraryAppletInfo
0000000000048930 0000000000000090 T appletNotifyRunning
00000000000489c0 000000000000008c T appletSetGamePlayRecordingState
0000000000048a50 0000000000000ac4 t _appletCleanup
0000000000049520 0000000000000044 T appletExit
0000000000049570 0000000000000040 T appletGetLibraryAppletInfo
00000000000495b0 0000000000000a28 T appletInitialize
0000000000049fe0 0000000000000024 t _appletExitProcess
000000000004a010 0000000000000074 T appletGetMessage
000000000004a090 0000000000000248 T appletProcessMessage
000000000004a2e0 0000000000000034 T appletMainLoop
000000000004a320 0000000000000068 t _csrngCleanup
000000000004a390 000000000000009c T csrngInitialize
000000000004a430 0000000000000044 T csrngExit
000000000004a480 00000000000000dc T csrngGetRandomBytes
000000000004a560 0000000000000118 t _nifmCleanup
000000000004a680 0000000000000110 t _nifmConvertSfToNetworkProfileData
000000000004a790 000000000000010c t _nifmCreateGeneralService.constprop.0
000000000004a8a0 0000000000000100 t _nifmCmdGetSession.constprop.0
000000000004a9a0 00000000000002a8 T nifmInitialize
000000000004ac50 0000000000000044 T nifmExit
000000000004aca0 0000000000000120 T nifmGetCurrentNetworkProfile
000000000004adc0 00000000000000ec T nifmGetCurrentIpAddress
000000000004aeb0 00000000000000d0 t _smCmdInPid
000000000004af80 0000000000000068 t _smCleanup
000000000004aff0 0000000000000048 T smAddOverrideHandle
000000000004b040 0000000000000054 T smGetServiceOverride
000000000004b0a0 0000000000000044 T smExit
000000000004b0f0 00000000000000d0 T smGetServiceOriginal
000000000004b1c0 00000000000001e0 T smInitialize
000000000004b3a0 0000000000000120 T smGetServiceWrapper
000000000004b4c0 00000000000000b4 t _sslCleanup
000000000004b580 00000000000000e0 t _sslSetInterfaceVersion
000000000004b660 0000000000000178 t _sslCmdNoIO
000000000004b7e0 000000000000018c t _sslCmdInU32NoOut
000000000004b970 000000000000018c t _sslCmdNoInOutU32
000000000004bb00 00000000000001a4 t _sslCmdInBufNoOut
000000000004bcb0 0000000000000224 t _sslCmdNoInOutBufTwoOutU32s
000000000004bee0 00000000000001bc t _sslCmdOutBufOutU32
000000000004c0a0 00000000000000f4 t _sslObjectClose
000000000004c1a0 00000000000001b4 t _sslCmdInBufOutU32.constprop.0
000000000004c360 00000000000002b8 T sslInitialize
000000000004c620 0000000000000044 T sslExit
000000000004c670 0000000000000164 T sslCreateContext
000000000004c7e0 0000000000000004 T sslContextClose
000000000004c7f0 00000000000001f4 T sslContextCreateConnection
000000000004c9f0 00000000000001f8 T sslContextImportServerPki
000000000004cbf0 000000000000023c T sslContextImportClientPki
000000000004ce30 0000000000000004 T sslConnectionClose
000000000004ce40 00000000000001c8 T sslConnectionSetSocketDescriptor
000000000004d010 0000000000000028 T sslConnectionSetHostName
000000000004d040 0000000000000018 T sslConnectionSetVerifyOption
000000000004d060 0000000000000018 T sslConnectionSetIoMode
000000000004d080 0000000000000040 T sslConnectionDoHandshake
000000000004d0c0 0000000000000090 T sslConnectionGetServerCertDetail
000000000004d150 0000000000000030 T sslConnectionRead
000000000004d180 000000000000002c T sslConnectionWrite
000000000004d1b0 0000000000000018 T sslConnectionPending
000000000004d1d0 0000000000000030 T sslConnectionPeek
000000000004d200 0000000000000018 T sslConnectionGetVerifyCertError
000000000004d220 0000000000000018 T sslConnectionSetSessionCacheMode
000000000004d240 00000000000001cc T sslConnectionSetOption
000000000004d410 00000000000001d4 t _sha256ProcessBlocks
000000000004d5f0 0000000000000034 T sha256ContextCreate
000000000004d630 00000000000000e8 T sha256ContextUpdate
000000000004d720 00000000000000e0 T sha256ContextGetHash
000000000004d800 0000000000000054 T sha256CalculateHash
000000000004d860 000000000000001c W diagAbortWithResult
000000000004d880 0000000000000224 T envSetup
000000000004dab0 0000000000000020 T envGetMainThreadHandle
000000000004dad0 000000000000000c T envIsNso
000000000004dae0 0000000000000014 T envHasHeapOverride
000000000004db00 000000000000000c T envGetHeapOverrideAddr
000000000004db10 000000000000000c T envGetHeapOverrideSize
000000000004db20 0000000000000014 T envHasArgv
000000000004db40 000000000000000c T envGetArgv
000000000004db50 000000000000000c T envGetExitFuncPtr
000000000004db60 000000000000000c T envSetExitFuncPtr
000000000004db70 000000000000000c T envHasRandomSeed
000000000004db80 0000000000000018 T envGetRandomSeed
000000000004dba0 0000000000000010 T hosversionGet
000000000004dbb0 0000000000000010 T hosversionSet
000000000004dbc0 000000000000005c t _padUpdateWithCommonState
000000000004dc20 000000000000009c T padConfigureInput
000000000004dcc0 0000000000000020 T padInitializeWithMask
000000000004dce0 0000000000000238 T padUpdate
000000000004df20 0000000000000038 T freeaddrinfo
000000000004df60 00000000000005bc T getaddrinfo
000000000004e520 0000000000000078 T gethostid
000000000004e5a0 0000000000000048 T gethostname
000000000004e5f0 0000000000000048 t consoleDrawChar
000000000004e640 00000000000000b0 t consoleNewRow
000000000004e6f0 0000000000000c4c t con_write
000000000004f340 0000000000000170 T consoleInit
000000000004f4b0 0000000000000048 T consoleExit
000000000004f500 000000000000002c T consoleUpdate
000000000004f530 000000000000000c T consoleClear
000000000004f540 0000000000000194 t ConsoleSwRenderer_drawChar
000000000004f6e0 00000000000000fc t ConsoleSwRenderer_init
000000000004f7e0 0000000000000070 t ConsoleSwRenderer_flushAndSwap
000000000004f850 00000000000000c8 t ConsoleSwRenderer_scrollWindow
000000000004f920 000000000000004c t ConsoleSwRenderer_deinit
000000000004f970 000000000000000c W getDefaultConsoleRenderer
000000000004f980 00000000000000a8 t _socketParseBsdResult.part.0
000000000004fa30 0000000000000048 t _socketRead
000000000004fa80 0000000000000048 t _socketWrite
000000000004fad0 000000000000003c t _socketClose
000000000004fb10 0000000000000078 t _socketOpen
000000000004fb90 0000000000000084 t _socketGetFd
000000000004fc20 000000000000001c T socketExit
000000000004fc40 000000000000011c T socketInitialize
000000000004fd60 00000000000000c8 T socketSslConnectionSetSocketDescriptor
000000000004fe30 00000000000001b0 T poll
000000000004ffe0 00000000000000ac T socket
0000000000050090 0000000000000068 T recv
0000000000050100 0000000000000080 T recvfrom
0000000000050180 0000000000000068 T send
00000000000501f0 0000000000000080 T sendto
0000000000050270 00000000000000b4 T accept
0000000000050330 0000000000000060 T bind
0000000000050390 0000000000000060 T connect
00000000000503f0 0000000000000060 T getpeername
0000000000050450 0000000000000060 T getsockname
00000000000504b0 000000000000007c T getsockopt
0000000000050530 0000000000000058 T listen
0000000000050590 000000000000007c T setsockopt
0000000000050610 00000000000000c0 T fcntl
00000000000506d0 0000000000000234 T ioctl
0000000000050910 0000000000000024 T socketpair
0000000000050940 00000000000001d4 t _inetAtonDetail
0000000000050b20 00000000000000e8 t inet_ntop4.part.0
0000000000050c10 000000000000035c T inet_ntop
0000000000050f70 00000000000002bc T inet_pton
000000000005122c T svcSetHeapSize
0000000000051240 T svcSetMemoryAttribute
0000000000051248 T svcUnmapMemory
0000000000051250 T svcQueryMemory
0000000000051264 T svcExitProcess
000000000005126c T svcSleepThread
0000000000051274 T svcMapSharedMemory
000000000005127c T svcUnmapSharedMemory
0000000000051284 T svcCreateTransferMemory
0000000000051298 T svcCloseHandle
00000000000512a0 T svcResetSignal
00000000000512a8 T svcWaitSynchronization
00000000000512bc T svcArbitrateLock
00000000000512c4 T svcArbitrateUnlock
00000000000512cc T svcWaitProcessWideKeyAtomic
00000000000512d4 T svcSignalProcessWideKey
00000000000512dc T svcConnectToNamedPort
00000000000512f0 T svcSendSyncRequest
00000000000512f8 T svcBreak
0000000000051300 T svcReturnFromException
0000000000051308 T svcGetInfo
000000000005131c T svcUnmapTransferMemory
0000000000051324 T __aarch64_read_tp
0000000000051330 000000000000000c T eventLoadRemote
0000000000051340 0000000000000038 T eventWait
0000000000051380 0000000000000050 T eventClose
00000000000513d0 0000000000000080 T mutexLock
0000000000051450 0000000000000068 T mutexUnlock
00000000000514c0 000000000000001c T mutexIsLockedByCurrentThread
00000000000514e0 000000000000004c T rmutexLock
0000000000051530 000000000000001c T rmutexUnlock
0000000000051550 00000000000000a8 T tmemCreate
0000000000051600 0000000000000034 T tmemUnmap
0000000000051640 0000000000000068 T tmemClose
00000000000516b0 0000000000000064 t _memregionInitWithInfo
0000000000051720 0000000000000178 t _memregionFindRandom
00000000000518a0 0000000000000120 T virtmemSetup
00000000000519c0 000000000000000c T virtmemLock
00000000000519d0 000000000000000c T virtmemUnlock
00000000000519e0 0000000000000054 T virtmemFindAslr
0000000000051a40 000000000000045c T waitObjects
0000000000051ea0 0000000000000188 T sessionmgrCreate
0000000000052030 0000000000000084 T sessionmgrClose
00000000000520c0 00000000000000b0 T sessionmgrAttachClient
0000000000052170 0000000000000074 T sessionmgrDetachClient
00000000000521f0 00000000000000c0 t _apmCleanup
00000000000522b0 00000000000000e0 t _apmCmdGetSession.constprop.0
0000000000052390 00000000000000a0 T apmInitialize
0000000000052430 0000000000000044 T apmExit
0000000000052480 00000000000000c8 T apmSetPerformanceConfiguration
0000000000052550 00000000000000f4 t _bsdStartMonitoring
0000000000052650 00000000000000e0 t _bsdCleanup
0000000000052730 00000000000001c8 t _bsdCmdInSockfdOutSockaddr
0000000000052900 00000000000001a4 t _bsdCmdInSockfdSockaddr
0000000000052ab0 0000000000000148 t _bsdCmdInDomainTypeProtocol
0000000000052c00 0000000000000134 t _bsdRegisterClient.constprop.0
0000000000052d40 00000000000001d0 T bsdInitialize
0000000000052f10 0000000000000044 T bsdExit
0000000000052f60 0000000000000008 T bsdSocket
0000000000052f70 00000000000001b0 T bsdOpen
0000000000053120 0000000000000208 T bsdPoll
0000000000053330 00000000000001b0 T bsdRecv
00000000000534e0 000000000000024c T bsdRecvFrom
0000000000053730 00000000000001b0 T bsdSend
00000000000538e0 0000000000000218 T bsdSendTo
0000000000053b00 0000000000000008 T bsdAccept
0000000000053b10 0000000000000008 T bsdBind
0000000000053b20 0000000000000008 T bsdConnect
0000000000053b30 0000000000000008 T bsdGetPeerName
0000000000053b40 0000000000000008 T bsdGetSockName
0000000000053b50 00000000000001e4 T bsdGetSockOpt
0000000000053d40 0000000000000144 T bsdListen
0000000000053e90 0000000000000468 T bsdIoctl
0000000000054300 0000000000000180 T bsdFcntl
0000000000054480 00000000000001b0 T bsdSetSockOpt
0000000000054630 00000000000001a4 T bsdWrite
00000000000547e0 00000000000001a4 T bsdRead
0000000000054990 000000000000013c T bsdClose
0000000000054ad0 0000000000000110 t _hidCleanup
0000000000054be0 00000000000000d4 t _hidCmdInAruidNoOut
0000000000054cc0 00000000000000e0 t _hidCmdInU32AruidNoOut
0000000000054da0 0000000000000184 t _hidGetStates
0000000000054f30 00000000000000fc t _hidCreateAppletResource.constprop.0
0000000000055030 00000000000000c8 t _hidCmdGetHandle.constprop.0
0000000000055100 00000000000000dc T hidInitialize
00000000000551e0 0000000000000044 T hidExit
0000000000055230 000000000000000c T hidGetSharedmemAddr
0000000000055240 0000000000000094 T hidGetNpadStyleSet
00000000000552e0 000000000000006c T hidInitializeNpad
0000000000055350 00000000000000ac T hidGetNpadStatesFullKey
0000000000055400 00000000000000ac T hidGetNpadStatesHandheld
00000000000554b0 00000000000000ac T hidGetNpadStatesJoyDual
0000000000055560 00000000000000ac T hidGetNpadStatesJoyLeft
0000000000055610 00000000000000ac T hidGetNpadStatesJoyRight
00000000000556c0 0000000000000174 T hidGetNpadStatesGc
0000000000055840 00000000000000b0 T hidGetNpadStatesSystemExt
00000000000558f0 0000000000000008 T hidSetSupportedNpadStyleSet
0000000000055900 00000000000000fc T hidSetSupportedNpadIdType
0000000000055a00 0000000000000298 T sfdnsresGetAddrInfoRequest
0000000000055ca0 000000000000000c T nwindowGetDefault
0000000000055cb0 00000000000000c0 T __nx_win_init
0000000000055d70 0000000000000034 T __nx_win_exit
0000000000055db0 0000000000000080 T framebufferMakeLinear
0000000000055e30 0000000000000084 T framebufferClose
0000000000055ec0 00000000000002a0 T framebufferCreate
0000000000056160 0000000000000088 T framebufferBegin
00000000000561f0 0000000000000174 T framebufferEnd
0000000000056370 0000000000000024 T nwindowIsValid
00000000000563a0 000000000000008c T nwindowClose
0000000000056430 00000000000000f8 T nwindowCreate
0000000000056530 0000000000000034 T nwindowCreateFromLayer
0000000000056570 0000000000000088 T nwindowSetDimensions
0000000000056600 0000000000000190 T nwindowConfigureBuffer
0000000000056790 00000000000001e0 T nwindowDequeueBuffer
0000000000056970 0000000000000144 T nwindowQueueBuffer
0000000000056ac0 0000000000000098 T nwindowReleaseBuffers
0000000000056b60 0000000000000324 T argvSetup
0000000000056e90 00000000000000a0 T __nx_dynamic
0000000000056f30 00000000000000d8 W __libnx_initheap
0000000000057010 00000000000000ec W __appInit
0000000000057100 0000000000000044 W __appExit
0000000000057150 000000000000002c W __libnx_init
0000000000057180 0000000000000020 W __libnx_exit
00000000000571a0 000000000000001c T __syscall_exit
00000000000571c0 0000000000000034 T __syscall_getreent
0000000000057200 0000000000000004 T __syscall_lock_acquire
0000000000057210 0000000000000004 T __syscall_lock_release
0000000000057220 0000000000000004 T __syscall_lock_acquire_recursive
0000000000057230 0000000000000004 T __syscall_lock_release_recursive
0000000000057240 0000000000000228 T __libnx_init_time
0000000000057470 0000000000000100 T __syscall_clock_gettime
0000000000057570 000000000000008c T __syscall_gettod_r
0000000000057600 0000000000000084 T newlibSetup
0000000000057690 00000000000000c4 T nxlinkSetup
0000000000057760 000000000000002c T _convert_errno
0000000000057790 0000000000000014 t fsdev_link
00000000000577b0 0000000000000014 t fsdev_dirreset
00000000000577d0 0000000000000014 t fsdev_chmod
00000000000577f0 0000000000000018 t error_cmp
0000000000057810 0000000000000020 t fsdev_dirclose
0000000000057830 000000000000001c t fsdev_close
0000000000057850 0000000000000080 t fsdev_converttimetoutc
00000000000578d0 00000000000000b8 t fsdevFindDevice.part.0
0000000000057990 00000000000001e0 t fsdev_fixpath
0000000000057b70 00000000000000a0 t _fsdevUnmountDeviceStruct.part.0
0000000000057c10 0000000000000014 t fsdev_fchmod
0000000000057c30 0000000000000108 t fsdev_diropen
0000000000057d40 000000000000007c t fsdev_fsync
0000000000057dc0 0000000000000110 t fsdev_fstat
0000000000057ed0 0000000000000094 t fsdev_ftruncate
0000000000057f70 000000000000020c t fsdev_stat
0000000000058180 0000000000000158 t fsdev_rename
00000000000582e0 000000000000014c t fsdev_chdir
0000000000058430 00000000000000ac t fsdev_mkdir
00000000000584e0 00000000000000ac t fsdev_rmdir
0000000000058590 00000000000000ac t fsdev_unlink
0000000000058640 0000000000000104 t fsdev_statvfs
0000000000058750 000000000000013c t fsdev_write_safe
0000000000058890 000000000000013c t fsdev_read_safe
00000000000589d0 0000000000000104 t fsdev_read
0000000000058ae0 00000000000001bc t fsdev_dirnext
0000000000058ca0 0000000000000124 t fsdev_write
0000000000058dd0 00000000000000e4 t fsdev_seek
0000000000058ec0 0000000000000244 t fsdev_open
0000000000059110 0000000000000218 T fsdevMountDevice
0000000000059330 0000000000000048 T fsdevMountSdmc
0000000000059380 00000000000000cc T __libnx_init_cwd
0000000000059450 0000000000000064 T fsdevUnmountAll
00000000000594c0 000000000000012c T decode_utf8
00000000000595ec T armDCacheFlush
0000000000059610 t armDCacheFlush_L0
0000000000059628 W __libnx_exception_entry
00000000000596b4 t __libnx_exception_entry_start
00000000000597dc t __libnx_exception_entry_abort
00000000000597e0 t __libnx_exception_entry_end
00000000000597e8 T __libnx_exception_returnentry
0000000000059800 0000000000000064 T condvarWaitTimeout
0000000000059870 0000000000000424 T randomGet
0000000000059ca0 0000000000000020 T randomGet64
0000000000059cc0 0000000000000014 T shmemLoadRemote
0000000000059ce0 0000000000000088 T shmemMap
0000000000059d70 0000000000000034 T shmemUnmap
0000000000059db0 0000000000000044 T shmemClose
0000000000059e00 00000000000000ac T __libnx_init_thread
0000000000059eb0 00000000000000b4 t _fsCleanup
0000000000059f70 00000000000001b0 t _fsCmdNoIO
000000000005a120 00000000000001d8 t _fsFsCmdWithInPath
000000000005a300 00000000000001fc t _fsFsCmdWithTwoInPaths
000000000005a500 0000000000000230 t _fsFsOpenCommon
000000000005a730 00000000000001f4 t _fsFsCmdWithInPathAndOutU64
000000000005a930 00000000000000f4 t _fsObjectClose
000000000005aa30 0000000000000170 t _fsCmdGetSession.constprop.0
000000000005aba0 0000000000000314 T fsInitialize
000000000005aec0 0000000000000044 T fsExit
000000000005af10 0000000000000008 T fsOpenSdCardFileSystem
000000000005af20 00000000000001e8 T fsFsCreateFile
000000000005b110 0000000000000008 T fsFsDeleteFile
000000000005b120 0000000000000008 T fsFsCreateDirectory
000000000005b130 0000000000000008 T fsFsDeleteDirectory
000000000005b140 0000000000000008 T fsFsRenameFile
000000000005b150 0000000000000008 T fsFsRenameDirectory
000000000005b160 00000000000001ec T fsFsGetEntryType
000000000005b350 0000000000000008 T fsFsOpenFile
000000000005b360 0000000000000008 T fsFsOpenDirectory
000000000005b370 0000000000000008 T fsFsGetFreeSpace
000000000005b380 0000000000000008 T fsFsGetTotalSpace
000000000005b390 0000000000000234 T fsFsGetFileTimeStampRaw
000000000005b5d0 0000000000000004 T fsFsClose
000000000005b5e0 000000000000021c T fsFileRead
000000000005b800 000000000000020c T fsFileWrite
000000000005ba10 0000000000000008 T fsFileFlush
000000000005ba20 00000000000001b4 T fsFileSetSize
000000000005ba20 00000000000001b4 t fsFileSetSize.localalias
000000000005bbe0 00000000000001c4 T fsFileGetSize
000000000005bbe0 00000000000001c4 t fsFileGetSize.localalias
000000000005bdb0 0000000000000004 T fsFileClose
000000000005bdc0 0000000000000004 T fsDirClose
000000000005bdd0 0000000000000204 T fsDirRead
000000000005bfe0 00000000000000cc t _nvSetClientPID
000000000005c0b0 00000000000000d0 t _nvCleanup
000000000005c180 00000000000000d4 t _nvCmdInitialize.constprop.0
000000000005c260 000000000000023c T nvInitialize
000000000005c4a0 0000000000000044 T nvExit
000000000005c4f0 0000000000000140 T nvConvertError
000000000005c630 0000000000000114 T nvOpen
000000000005c750 0000000000000250 T nvIoctl
000000000005c9a0 00000000000000d8 T nvClose
000000000005ca80 0000000000000108 T nvQueryEvent
000000000005cb90 00000000000000d4 t _setsysGetFirmwareVersionImpl
000000000005cc70 0000000000000068 t _setsysCleanup
000000000005cce0 00000000000000a0 T setsysInitialize
000000000005cd80 0000000000000044 T setsysExit
000000000005cdd0 0000000000000044 T setsysGetFirmwareVersion
000000000005ce20 0000000000000228 t _timeCleanup
000000000005d050 00000000000000c8 t _timeCmdNoInOutU64.constprop.0
000000000005d120 00000000000000e8 t _timeCmdGetSession.constprop.0
000000000005d210 00000000000000cc t _timeGetSharedMemoryNativeHandle.constprop.0
000000000005d2e0 0000000000000114 t _timeReadClockFromSharedMem
000000000005d400 0000000000000238 T timeInitialize
000000000005d640 0000000000000044 T timeExit
000000000005d690 0000000000000038 T timeGetServiceSession_SystemClock
000000000005d6d0 000000000000005c T timeGetCurrentTime
000000000005d730 0000000000000118 T timeToCalendarTimeWithMyRule
000000000005d850 0000000000000104 T timeToPosixTimeWithMyRule
000000000005d960 00000000000001dc t _viCleanup
000000000005db40 00000000000000e8 t _viCmdGetSessionNoParams.constprop.0
000000000005dc30 00000000000000e4 t _viCmdGetSession.constprop.0
000000000005dd20 000000000000025c T viInitialize
000000000005df80 0000000000000044 T viExit
000000000005dfd0 000000000000000c T viGetSession_IHOSBinderDriverRelay
000000000005dfe0 0000000000000120 T viOpenDisplay
000000000005e100 00000000000000f8 T viCloseDisplay
000000000005e200 00000000000000fc T viCloseLayer
000000000005e300 00000000000003c4 T viCreateLayer
000000000005e6d0 00000000000000d8 T viSetLayerScalingMode
000000000005e7b0 000000000000007c t _nvFenceCleanup
000000000005e830 0000000000000098 T nvFenceInit
000000000005e8d0 0000000000000044 T nvFenceExit
000000000005e920 0000000000000250 T nvFenceWait
000000000005eb70 0000000000000074 T nvMultiFenceWait
000000000005ebf0 00000000000000b4 T nvMapInit
000000000005ecb0 000000000000006c T nvMapExit
000000000005ed20 0000000000000080 T nvMapClose
000000000005eda0 0000000000000160 T nvMapCreate
000000000005ef00 0000000000000028 T nvioctlNvhostCtrl_EventSignal
000000000005ef30 0000000000000044 T nvioctlNvhostCtrl_EventWait
000000000005ef80 0000000000000030 T nvioctlNvhostCtrl_EventWaitAsync
000000000005efb0 0000000000000028 T nvioctlNvhostCtrl_EventRegister
000000000005efe0 0000000000000028 T nvioctlNvhostCtrl_EventUnregister
000000000005f010 0000000000000040 T nvioctlNvmap_Create
000000000005f050 0000000000000040 T nvioctlNvmap_Alloc
000000000005f090 0000000000000030 T nvioctlNvmap_Free
000000000005f0c0 0000000000000040 T nvioctlNvmap_GetId
000000000005f100 0000000000000018 T binderCreate
000000000005f120 0000000000000390 T binderTransactParcel
000000000005f4b0 0000000000000124 T binderConvertErrorCode
000000000005f5e0 0000000000000124 T binderAdjustRefcount
000000000005f710 0000000000000098 T binderInitSession
000000000005f7b0 0000000000000068 T binderClose
000000000005f820 0000000000000158 T binderGetNativeHandle
000000000005f980 00000000000000d8 T bqRequestBuffer
000000000005fa60 0000000000000168 T bqDequeueBuffer
000000000005fbd0 00000000000000dc T bqQueueBuffer
000000000005fcb0 0000000000000094 T bqCancelBuffer
000000000005fd50 00000000000000e8 T bqConnect
000000000005fe40 000000000000009c T bqDisconnect
000000000005fee0 0000000000000174 T bqSetPreallocatedBuffer
0000000000060060 0000000000000030 T parcelCreate
0000000000060090 000000000000019c T parcelTransact
0000000000060230 0000000000000088 T parcelWriteData
00000000000602c0 0000000000000098 T parcelReadData
0000000000060360 0000000000000020 T parcelWriteInt32
0000000000060380 0000000000000020 T parcelWriteUInt32
00000000000603a0 000000000000007c T parcelWriteString16
0000000000060420 0000000000000030 T parcelWriteInterfaceToken
0000000000060450 0000000000000024 T parcelReadInt32
0000000000060480 0000000000000068 T parcelReadFlattenedObject
00000000000604f0 000000000000004c T parcelWriteFlattenedObject
0000000000060540 0000000000000048 T access
0000000000060590 000000000000003c T aligned_alloc
00000000000605d0 000000000000001c T atoi
00000000000605f0 00000000000000b8 T bsearch
00000000000606b0 000000000000002c T calloc
00000000000606e0 0000000000000094 T _calloc_r
0000000000060780 0000000000000014 T __errno
00000000000607a0 000000000000015c T _fclose_r
0000000000060900 0000000000000024 T fclose
0000000000060930 0000000000000228 T __sflush_r
0000000000060b60 00000000000000b8 T _fflush_r
0000000000060c20 0000000000000040 T fflush
0000000000060c60 00000000000001ac T _fgets_r
0000000000060e10 000000000000003c T fgets
0000000000060e50 00000000000000a4 T fileno
0000000000060f00 000000000000000c T _cleanup_r
0000000000060f10 0000000000000060 T __sfmoreglue
0000000000060f70 000000000000000c T __sfp_lock_acquire
0000000000060f80 000000000000000c T __sfp_lock_release
0000000000060f90 000000000000000c T __sinit_lock_acquire
0000000000060fa0 000000000000000c T __sinit_lock_release
0000000000060fb0 0000000000000154 T __sinit
0000000000061110 0000000000000110 T __sfp
0000000000061220 0000000000000044 T __libc_fini_array
0000000000061270 0000000000000130 T _fopen_r
00000000000613a0 000000000000002c T fopen
00000000000613d0 00000000000000a4 T fputc
0000000000061480 0000000000000300 T _fread_r
0000000000061780 0000000000000044 T fread
00000000000617d0 0000000000000118 T _malloc_trim_r
00000000000618f0 00000000000002f0 T _free_r
0000000000061be0 0000000000000004 T _fseek_r
0000000000061bf0 000000000000003c T fseek
0000000000061c30 0000000000000454 T _fseeko_r
0000000000062090 0000000000000004 T _ftell_r
00000000000620a0 0000000000000024 T ftell
00000000000620d0 0000000000000164 T _ftello_r
0000000000062240 0000000000000098 T _fwalk
00000000000622e0 00000000000000a4 T _fwalk_reent
0000000000062390 00000000000000e0 T _fwrite_r
0000000000062470 0000000000000044 T fwrite
00000000000624c0 000000000000002c T getenv
00000000000624f0 0000000000000100 T _findenv_r
00000000000625f0 000000000000002c T gmtime
0000000000062620 000000000000029c T gmtime_r
00000000000628c0 000000000000008c T __libc_init_array
0000000000062950 00000000000000a4 T __swhatbuf_r
0000000000062a00 000000000000010c T __smakebuf_r
0000000000062b10 000000000000002c T memalign
0000000000062b40 00000000000001a0 T _memalign_r
0000000000062ce0 0000000000000024 T malloc
0000000000062d10 0000000000000024 T free
0000000000062d40 0000000000000878 T _malloc_r
00000000000635b8 00000000000000d8 T memchr
00000000000636c0 0000000000000110 T memcmp
0000000000063800 000000000000016c T memcpy
0000000000063980 00000000000000ac T memmove
0000000000063a40 00000000000001dc T memset
0000000000063c20 000000000000000c T __malloc_lock
0000000000063c30 000000000000000c T __malloc_unlock
0000000000063c40 000000000000008c T printf
0000000000063cd0 0000000000000028 T putchar
0000000000063d00 00000000000000e0 T _putc_r
0000000000063de0 00000000000000d0 T _puts_r
0000000000063eb0 0000000000000024 T puts
0000000000063ee0 0000000000000978 T qsort
0000000000063ee0 0000000000000978 t qsort.localalias
0000000000064860 000000000000002c T realloc
0000000000064890 000000000000055c T _realloc_r
0000000000064df0 0000000000000020 t lflush
0000000000064e10 00000000000001d0 T __srefill_r
0000000000064fe0 000000000000001c T _remove_r
0000000000065000 0000000000000024 T remove
0000000000065030 000000000000002c T rename
0000000000065060 000000000000003c T setenv
00000000000650a0 0000000000000268 T _setenv_r
0000000000065310 0000000000000278 T setvbuf
0000000000065590 00000000000000b0 T sprintf
0000000000065640 00000000000000c0 T sscanf
0000000000065700 0000000000000050 T __sread
0000000000065750 0000000000000008 T __seofread
0000000000065760 000000000000006c T __swrite
00000000000657d0 0000000000000050 T __sseek
0000000000065820 0000000000000008 T __sclose
0000000000065840 00000000000001bc T stpcpy
00000000000659fc 00000000000000dc T strchr
0000000000065b00 00000000000000e4 T strcmp
0000000000065c00 00000000000001b8 T strcpy
0000000000065dc0 0000000000000050 T strcspn
0000000000065e10 0000000000000024 T strdup
0000000000065e40 000000000000005c T _strdup_r
0000000000065ec0 0000000000000140 T strlen
0000000000066000 000000000000007c T strncat
000000000006609c 00000000000001b8 T strncmp
0000000000066260 000000000000009c T strncpy
0000000000066324 00000000000000e0 T strnlen
00000000000663e0 0000000000000100 T strrchr
00000000000664e0 0000000000000048 T strspn
0000000000066530 0000000000000420 t two_way_long_needle
0000000000066950 0000000000000248 T strstr
0000000000066ba0 000000000000009c T __strtok_r
0000000000066c40 0000000000000008 T strtok_r
0000000000066c50 0000000000000194 t _strtol_l.part.0
0000000000066df0 0000000000000070 T _strtol_r
0000000000066e60 0000000000000074 T strtol
0000000000066ee0 00000000000001a4 t _strtoul_l.constprop.0
0000000000067090 0000000000000044 T _strtoul_r
00000000000670e0 0000000000000048 T strtoul
0000000000067128 0000000000000780 t get_arg
00000000000678a8 0000000000003c08 T _svfprintf_r
000000000006b4b0 0000000000000074 t get_arg
000000000006b524 0000000000003108 T __ssvfscanf_r
000000000006e630 0000000000000024 T close
000000000006e660 000000000000002c T fstat
000000000006e690 000000000000002c T gettimeofday
000000000006e6c0 000000000000003c T lseek
000000000006e700 0000000000000088 T open
000000000006e790 0000000000000040 T read
000000000006e7d0 000000000000002c T stat
000000000006e800 0000000000000024 T unlink
000000000006e830 0000000000000040 T write
000000000006e870 0000000000000040 T time
000000000006e8b0 0000000000000780 t get_arg
000000000006f030 0000000000003cc8 T _vfprintf_r
0000000000072cf8 0000000000000050 T vfprintf
0000000000072d48 00000000000000f8 t __sbprintf
0000000000072e40 0000000000000118 T __swbuf_r
0000000000072f60 00000000000000d8 T _wcrtomb_r
0000000000073040 0000000000000010 T _wcsrtombs_r
0000000000073050 0000000000000140 T __swsetup_r
0000000000073190 00000000000000c4 T __xpg_strerror_r
0000000000073260 000000000000012c T __call_exitprocs
0000000000073390 000000000000019c t quorem
0000000000073530 00000000000011a0 T _dtoa_r
00000000000746d0 000000000000000c T __env_lock
00000000000746e0 000000000000000c T __env_unlock
00000000000746f0 00000000000000ac T __sflags
00000000000747a0 00000000000004bc T __sfvwrite_r
0000000000074c60 0000000000000008 T iswspace
0000000000074c70 0000000000000008 T __localeconv_l
0000000000074c80 0000000000000028 T _localeconv_r
0000000000074cb0 000000000000002c T __locale_mb_cur_max
0000000000074ce0 00000000000000f0 T _mbrtowc_r
0000000000074dd0 00000000000002c8 T __utf8_mbtowc
00000000000750a0 000000000000008c T _Balloc
0000000000075130 000000000000001c T _Bfree
0000000000075150 0000000000000108 T __multadd
0000000000075260 0000000000000138 T __s2b
00000000000753a0 000000000000005c T __hi0bits
0000000000075400 000000000000009c T __lo0bits
00000000000754a0 000000000000004c T __i2b
00000000000754f0 00000000000001e8 T __multiply
00000000000756e0 0000000000000100 T __pow5mult
00000000000757e0 0000000000000170 T __lshift
0000000000075950 0000000000000050 T __mcmp
00000000000759a0 00000000000001b8 T __mdiff
0000000000075b60 0000000000000068 T __ulp
0000000000075bd0 0000000000000150 T __b2d
0000000000075d20 0000000000000154 T __d2b
0000000000075e80 00000000000000a0 T __ratio
0000000000075f20 0000000000000068 T __copybits
0000000000075f90 000000000000006c T __any_on
0000000000076000 00000000000000d4 T __sccl
00000000000760e0 000000000000000c T nanf
00000000000760f0 000000000000007c T frexp
0000000000076170 0000000000000098 T stpncpy
0000000000076210 0000000000000418 T _strerror_r
0000000000076630 0000000000001180 T _strtod_l
00000000000777b0 0000000000000054 T _strtod_r
0000000000077810 0000000000000194 t _strtoll_l.constprop.0
00000000000779b0 0000000000000044 T _strtoll_r
0000000000077a00 00000000000001a4 t _strtoull_l.constprop.0
0000000000077bb0 0000000000000044 T _strtoull_r
0000000000077bf4 00000000000001c0 T __ssprint_r
0000000000077db4 00000000000000f0 T _sungetc_r
0000000000077ea4 0000000000000070 T __ssrefill_r
0000000000077f14 00000000000000e0 T _sfread_r
0000000000078000 00000000000000c8 T __submore
00000000000780d0 0000000000000008 T _user_strerror
00000000000780d8 0000000000000780 t get_arg
0000000000078858 000000000000003c T __sprint_r
0000000000078894 0000000000002988 T _vfiprintf_r
000000000007b21c 00000000000000f8 t __sbprintf
000000000007b320 00000000000001d8 T _wcsnrtombs_l
000000000007b500 0000000000000074 T _wcsnrtombs_r
000000000007b580 00000000000000e4 T __utf8_wctomb
000000000007b670 0000000000000064 T __assert_func
000000000007b6e0 0000000000000094 T fiprintf
000000000007b780 0000000000000114 t rshift
000000000007b8a0 00000000000008a0 T __gethex
000000000007c140 0000000000000048 T __match
000000000007c190 0000000000000258 T __hexnan
000000000007c3f0 000000000000004c T iswspace_l
000000000007c440 000000000000023c t __jp2uc
000000000007c680 00000000000000bc T _jp2uc_l
000000000007c740 000000000000000c T nan
000000000007c750 0000000000000018 T abort
000000000007c770 0000000000000080 T category
000000000007c7f0 00000000000000b4 T _raise_r
000000000007c8b0 0000000000000024 T raise
000000000007c8e0 0000000000000008 t null_write
000000000007c8f0 0000000000000018 T setDefaultDevice
000000000007c910 0000000000000108 T FindDevice
000000000007ca20 0000000000000034 T RemoveDevice
000000000007ca60 00000000000000dc T AddDevice
000000000007cb40 0000000000000034 T GetDeviceOpTab
000000000007cb80 0000000000000034 T clock_gettime
000000000007cbc0 00000000000000a8 T _close_r
000000000007cc70 0000000000000084 T _fstat_r
000000000007cd00 0000000000000014 T _getpid_r
000000000007cd20 0000000000000024 T _gettimeofday_r
000000000007cd50 0000000000000008 T _isatty_r
000000000007cd60 0000000000000014 T _kill_r
000000000007cd80 0000000000000098 T _lseek_r
000000000007ce20 00000000000000e0 T _open_r
000000000007cf00 00000000000000a4 T _read_r
000000000007cfb0 0000000000000078 T _sbrk_r
000000000007d030 000000000000008c T _stat_r
000000000007d0c0 0000000000000078 T _unlink_r
000000000007d140 00000000000000a4 T _write_r
000000000007d1f0 0000000000000020 T _exit
000000000007d210 0000000000000228 T _concatenate_path
000000000007d440 0000000000000178 T chdir
000000000007d5c0 0000000000000098 T mkdir
000000000007d660 00000000000000b8 T _rename_r
000000000007d720 0000000000000014 T __libc_lock_acquire
000000000007d740 0000000000000014 T __libc_lock_release
000000000007d760 000000000000000c T __libc_lock_init_recursive
000000000007d770 0000000000000014 T __libc_lock_acquire_recursive
000000000007d790 0000000000000014 T __libc_lock_release_recursive
000000000007d7b0 0000000000000004 T __libc_lock_close_recursive
000000000007d7c0 0000000000000040 T __free_handle
000000000007d800 0000000000000058 T __release_handle
000000000007d860 00000000000000c0 T __alloc_handle
000000000007d920 0000000000000020 T __get_handle
000000000007d940 0000000000000084 t __dirnext
000000000007d9d0 000000000000010c T opendir
000000000007dae0 00000000000000a4 T closedir
000000000007db90 00000000000000c4 T readdir
000000000007dc60 0000000000000020 T __getreent
000000000007dc80 0000000000000408 T fnmatch
000000000007dc80 0000000000000408 t fnmatch.localalias
000000000007e090 0000000000000150 t __extenddftf2
000000000007e1e0 0000000000000310 t __trunctfdf2
000000000007e4f0 0000000000000070 t __sfp_handle_exceptions
000000000007e560 T _fini
000000000007f000 R __rodata_start
000000000007f890 0000000000000010 r tv_zero.1
00000000000806b0 0000000000000010 r tv_zero.1
0000000000081a98 0000000000000080 r ascii
00000000000822e0 000000000000000c r CSWTCH.69
00000000000822e0 000000000000000c r CSWTCH.70
0000000000082310 0000000000000041 r base64
0000000000082358 0000000000000041 r base64url
00000000000835b8 0000000000000015 r s_infotype.0
0000000000083c10 0000000000000010 r CSWTCH.275
0000000000083d88 0000000000000025 r lower_digits
0000000000083db0 0000000000000006 r null.1
0000000000083db8 0000000000000006 r strnil.0
0000000000083dc0 0000000000000025 r upper_digits
0000000000084cd8 0000000000000030 r month_days_cumulative.0
0000000000084d08 000000000000033c r tz
0000000000086ae0 0000000000000008 r cnOID
0000000000086ae8 0000000000000001 r defaultVersion.0
0000000000086af0 000000000000000a r sanOID
0000000000086b00 0000000000000200 r K
0000000000087040 0000000000000021 r badbytes.0
0000000000088030 0000000000000008 r ftpauth.2
0000000000088038 000000000000000a r mode.0
0000000000088048 000000000000000a r mode.1
000000000008809e 0000000000000001 r hmac_ipad
000000000008809f 0000000000000001 r hmac_opad
00000000000880b0 000000000000000c r CSWTCH.2
00000000000880b0 000000000000000c r CSWTCH.3
00000000000880c8 0000000000002000 r crc_table
000000000008a108 0000000000000800 r lenfix.5108
000000000008a908 0000000000000080 r distfix.5109
000000000008a988 0000000000000026 r order.5137
000000000008abc0 0000000000000040 r dext.5016
000000000008ac00 0000000000000040 r dbase.5015
000000000008ac40 000000000000003e r lext.5014
000000000008ac80 000000000000003e r lbase.5013
000000000008acc0 0000000000000030 R inflate_copyright
000000000008ad80 0000000000000014 r CSWTCH.553
000000000008ada8 0000000000000020 r H_0.0
000000000008ae00 0000000000000100 r s_roundConstants
000000000008afd0 0000000000000030 r colorTable
000000000008b010 0000000000000011 r digits.2
000000000008b028 0000000000000011 r xdigits_l.1
000000000008b040 0000000000000011 r xdigits_u.0
000000000008b058 R default_font_bin
000000000008d058 R default_font_bin_end
000000000008d060 0000000000000020 r g_defaultBsdInitConfig
000000000008d088 0000000000000038 r g_nvColorFmtTable
000000000008d0e0 0000000000000086 r _error_code_map
000000000008d178 0000000000000020 r error_table
000000000008d1c0 0000000000000023 r g_bq_InterfaceDescriptor
000000000008d1e8 0000000000000101 R _ctype_
000000000008d480 0000000000000010 r blanks.1
000000000008d490 0000000000000010 r zeroes.0
000000000008d590 0000000000000022 r basefix.0
000000000008d700 0000000000000010 r blanks.1
000000000008d710 0000000000000010 r zeroes.0
000000000008d840 0000000000000028 R __mprec_bigtens
000000000008d868 00000000000000c8 R __mprec_tens
000000000008d930 000000000000000c r p05.0
000000000008e228 0000000000000014 r fpi.1
000000000008e240 0000000000000014 r fpinan.0
000000000008e258 0000000000000028 r tinytens
000000000008e280 000000000000006c R __action_table
000000000008e2f0 0000000000000100 R __chclass
000000000008e3f0 000000000000006c R __state_table
000000000008e5a8 0000000000000010 r blanks.1
000000000008e5b8 0000000000000010 r zeroes.0
000000000008e650 0000000000000100 R __hexdig
000000000008e768 00000000000000bc r a1
000000000008e828 00000000000000bc r a2
000000000008e8e8 000000000000005b r a3
000000000008e948 0000000000000070 r a6
000000000008e9b8 00000000000000a2 r a7
000000000008ea60 0000000000000040 r a8
000000000008eaa0 000000000000172a r b02cf
00000000000901d0 0000000000001a7c r d02f4
0000000000091c50 00000000000031e6 r categories
0000000000094e38 r __EH_FRAME_BEGIN__
0000000000094e38 R __eh_frame_hdr_end
0000000000094e38 R __eh_frame_hdr_start
00000000000a7a74 r __FRAME_END__
00000000000a7a78 a _DYNAMIC
00000000000ae000 R __data_start
00000000000ae000 t __frame_dummy_init_array_entry
00000000000ae000 T __init_array_start
00000000000ae000 B __preinit_array_end
00000000000ae000 B __preinit_array_start
00000000000ae000 D __tdata_lma
00000000000ae000 D __tdata_lma_end
00000000000ae008 t __do_global_dtors_aux_fini_array_entry
00000000000ae008 T __fini_array_start
00000000000ae008 T __init_array_end
00000000000ae010 T __fini_array_end
00000000000ae010 T __got_start__
00000000000ae010 a _GLOBAL_OFFSET_TABLE_
00000000000ae3a0 D __got_end__
00000000000ae3a0 0000000000000008 D OPTION_LIST
00000000000ae3a8 0000000000000008 D Curl_ccalloc
00000000000ae3b0 0000000000000008 D Curl_cfree
00000000000ae3b8 0000000000000008 D Curl_cmalloc
00000000000ae3c0 0000000000000008 D Curl_crealloc
00000000000ae3c8 0000000000000008 D Curl_cstrdup
00000000000ae3d0 00000000000000a0 d ctts.0
00000000000ae470 0000000000000008 D Curl_ssl
00000000000ae478 0000000000000010 d available_backends
00000000000ae488 00000000000000c0 d Curl_ssl_multi
00000000000ae548 00000000000000c0 D Curl_ssl_libnx
00000000000ae608 0000000000000088 D Curl_handler_http
00000000000ae690 0000000000000088 D Curl_handler_https
00000000000ae718 0000000000000088 d Curl_handler_dummy
00000000000ae7a0 0000000000000088 d protocols
00000000000ae828 0000000000000088 D Curl_handler_dict
00000000000ae8b0 0000000000000088 D Curl_handler_telnet
00000000000ae938 00000000000000a0 d telnetcmds
00000000000ae9d8 0000000000000140 d telnetoptions
00000000000aeb18 0000000000000030 d client_encoding
00000000000aeb48 0000000000000030 d deflate_encoding
00000000000aeb78 0000000000000020 d encodings
00000000000aeb98 0000000000000030 d error_encoding
00000000000aebc8 0000000000000030 d gzip_encoding
00000000000aebf8 0000000000000030 d identity_encoding
00000000000aec28 0000000000000020 D Curl_DIGEST_MD5
00000000000aec48 0000000000000028 D Curl_HMAC_MD5
00000000000aec70 0000000000000060 D Curl_month
00000000000aecd0 0000000000000038 D Curl_wkday
00000000000aed08 0000000000000038 d weekday
00000000000aed40 0000000000000088 D Curl_handler_tftp
00000000000aedc8 0000000000000088 D Curl_handler_imap
00000000000aee50 0000000000000088 D Curl_handler_imaps
00000000000aeed8 0000000000000030 d saslimap
00000000000aef08 0000000000000088 D Curl_handler_pop3
00000000000aef90 0000000000000088 D Curl_handler_pop3s
00000000000af018 0000000000000030 d saslpop3
00000000000af048 0000000000000088 D Curl_handler_smtp
00000000000af0d0 0000000000000088 D Curl_handler_smtps
00000000000af158 0000000000000030 d saslsmtp
00000000000af188 0000000000000088 D Curl_handler_rtsp
00000000000af210 0000000000000088 D Curl_handler_gopher
00000000000af298 00000000000000f0 d mechtable
00000000000af388 00000000000002f0 d OIDtable
00000000000af678 0000000000000068 d errors
00000000000af6e0 0000000000000088 D Curl_handler_file
00000000000af768 0000000000000088 D Curl_handler_ftp
00000000000af7f0 0000000000000088 D Curl_handler_ftps
00000000000af878 0000000000000050 D z_errmsg
00000000000af8c8 0000000000000001 V __nx_applet_auto_notifyrunning
00000000000af8cc 0000000000000004 V __nx_applet_type
00000000000af8d0 0000000000000058 d defaultConsole
00000000000af928 0000000000000008 d currentConsole
00000000000af930 00000000000000e0 d dotab_stdout
00000000000afa10 0000000000000088 d s_consoleSwRenderer
00000000000afa98 0000000000000008 V __nx_pollfd_sb_max_fds
00000000000afaa0 00000000000000e0 d g_socketDevoptab
00000000000afb80 0000000000000008 d g_bsdClientPid
00000000000afb88 0000000000000008 V __nx_exception_stack_size
00000000000afb90 0000000000000004 V __nx_fsdev_direntry_cache_size
00000000000afb94 0000000000000001 V __nx_fsdev_support_cwd
00000000000afb98 00000000000000e0 d fsdev_devoptab
00000000000afc78 0000000000000004 V __nx_fs_num_sessions
00000000000afc7c 0000000000000004 V __nx_nv_transfermem_size
00000000000afc80 0000000000000004 V __nx_vi_stray_layer_flags
00000000000afc84 0000000000000004 d g_viServiceType
00000000000afc88 0000000000000004 d g_ctrl_fd
00000000000afc8c 0000000000000004 d g_nvmap_fd
00000000000afc90 0000000000000008 D _impure_ptr
00000000000afc98 0000000000000768 d impure_data
00000000000b0400 0000000000000008 D _global_impure_ptr
00000000000b0408 0000000000000008 D __malloc_sbrk_base
00000000000b0410 0000000000000008 D __malloc_trim_threshold
00000000000b0418 0000000000000810 D __malloc_av_
00000000000b0c28 0000000000000008 D environ
00000000000b0c30 00000000000001a8 D __global_locale
00000000000b0dd8 0000000000000002 d numempty
00000000000b0de0 0000000000000018 D _C_numeric_locale
00000000000b0df8 0000000000000004 d defaultDevice
00000000000b0e00 0000000000000080 D devoptab_list
00000000000b0e80 00000000000000e0 D dotab_stdnull
00000000000b0f60 0000000000000400 d _current_working_directory
00000000000b1360 0000000000000010 d __stderr_handle
00000000000b1370 0000000000000010 d __stdin_handle
00000000000b1380 0000000000000010 d __stdout_handle
00000000000b1390 0000000000002000 d handles
00000000000b3390 D __bss_start__
00000000000b3390 b completed.1
00000000000b3398 b object.0
00000000000b33c8 0000000000000004 b initialized
00000000000b33d0 00000000000000c8 b backends.1
00000000000b3498 0000000000000008 b backends_len.0
00000000000b34a0 0000000000000001 b init_ssl
00000000000b34a8 0000000000000008 b selected.2
00000000000b34b0 0000000000000004 b randseed.0
00000000000b34b4 0000000000000001 b seeded.1
00000000000b34b8 0000000000000080 V __nx_applet_AppletAttribute
00000000000b3538 0000000000000008 V __nx_applet_PerformanceConfiguration
00000000000b3540 0000000000000004 V __nx_applet_exit_mode
00000000000b3544 0000000000000001 b g_appletCopyrightInitialized
00000000000b3548 0000000000000028 b g_appletCopyrightTmem
00000000000b3570 0000000000000004 b g_appletCpuBoostMode
00000000000b3574 0000000000000001 b g_appletExitProcessFlag
00000000000b3578 0000000000000004 b g_appletExitProcessResult
00000000000b3580 0000000000000018 b g_appletFirstHook
00000000000b3598 0000000000000001 b g_appletFocusState
00000000000b35a0 0000000000000008 b g_appletGuard
00000000000b35a8 0000000000000010 b g_appletIAppletCommonFunctions
00000000000b35b8 0000000000000010 b g_appletIApplicationCreator
00000000000b35c8 0000000000000010 b g_appletIAudioController
00000000000b35d8 0000000000000010 b g_appletICommonStateGetter
00000000000b35e8 0000000000000010 b g_appletIDebugFunctions
00000000000b35f8 0000000000000010 b g_appletIDisplayController
00000000000b3608 0000000000000010 b g_appletIFunctions
00000000000b3618 0000000000000010 b g_appletIGlobalStateController
00000000000b3628 0000000000000010 b g_appletILibraryAppletCreator
00000000000b3638 0000000000000010 b g_appletILibraryAppletSelfAccessor
00000000000b3648 0000000000000010 b g_appletIProcessWindingController
00000000000b3658 0000000000000010 b g_appletISelfController
00000000000b3668 0000000000000010 b g_appletIWindowController
00000000000b3678 0000000000000050 b g_appletInfo
00000000000b36c8 0000000000000001 b g_appletInfoInitialized
00000000000b36d0 0000000000000008 b g_appletInitTickBase
00000000000b36d8 0000000000000001 b g_appletLeftInitialized
00000000000b36e0 000000000000000c b g_appletLibraryAppletLaunchableEvent
00000000000b36f0 000000000000000c b g_appletMessageEvent
00000000000b36fc 0000000000000001 b g_appletNotifiedRunning
00000000000b36fd 0000000000000001 b g_appletOperationMode
00000000000b3700 0000000000000004 b g_appletPerformanceMode
00000000000b3708 0000000000000010 b g_appletProxySession
00000000000b3718 0000000000000004 b g_appletRecordingInitialized
00000000000b3720 0000000000000028 b g_appletRecordingTmem
00000000000b3748 0000000000000008 b g_appletResourceUserId
00000000000b3750 0000000000000010 b g_appletSrv
00000000000b3760 0000000000000008 b g_appletSuspendedTick
00000000000b3768 000000000000000c b g_appletSuspendedTickEvent
00000000000b3774 0000000000000001 b g_appletSuspendedTickInitialized
00000000000b3778 0000000000000008 b g_csrngGuard
00000000000b3780 0000000000000010 b g_csrngSrv
00000000000b3790 0000000000000008 b g_nifmGuard
00000000000b3798 0000000000000010 b g_nifmIGS
00000000000b37a8 0000000000000004 b g_nifmServiceType
00000000000b37b0 0000000000000010 b g_nifmSrv
00000000000b37c0 0000000000000008 b g_smGuard
00000000000b37c8 0000000000000180 b g_smOverrides
00000000000b3948 0000000000000008 b g_smOverridesNum
00000000000b3950 0000000000000010 b g_smSrv
00000000000b3960 0000000000000008 b g_sslGuard
00000000000b3968 0000000000000054 b g_sslSessionMgr
00000000000b39c0 0000000000000010 b g_sslSrv
00000000000b39d0 0000000000000001 b g_hasRandomSeed
00000000000b39d1 0000000000000001 b g_isNso
00000000000b39d4 0000000000000004 b g_lastLoadResult
00000000000b39d8 0000000000000008 b g_loaderInfo
00000000000b39e0 0000000000000008 b g_loaderInfoSize
00000000000b39e8 0000000000000008 b g_loaderRetAddr
00000000000b39f0 0000000000000004 b g_mainThreadHandle
00000000000b39f8 0000000000000008 b g_nextLoadArgv
00000000000b3a00 0000000000000008 b g_nextLoadPath
00000000000b3a08 0000000000000008 b g_overrideArgv
00000000000b3a10 0000000000000008 b g_overrideHeapAddr
00000000000b3a18 0000000000000008 b g_overrideHeapSize
00000000000b3a20 0000000000000004 b g_processHandle
00000000000b3a28 0000000000000010 b g_randomSeed
00000000000b3a38 0000000000000010 b g_syscallHints
00000000000b3a48 0000000000000008 b g_userIdStorage
00000000000b3a50 0000000000000004 b g_hosVersion
00000000000b3a58 0000000000000058 b currentCopy
00000000000b3ab0 0000000000000001 b didFirstConsoleInit.0
00000000000b3ab8 B __stack_top
00000000000b3ac0 0000000000000010 b g_AliasRegion
00000000000b3ad0 0000000000000010 b g_AslrRegion
00000000000b3ae0 0000000000000010 b g_HeapRegion
00000000000b3af0 0000000000000001 b g_IsLegacyKernel
00000000000b3af8 0000000000000008 b g_Reservations
00000000000b3b00 0000000000000010 b g_StackRegion
00000000000b3b10 0000000000000004 b g_VirtmemMutex
00000000000b3b18 0000000000000008 b g_apmGuard
00000000000b3b20 0000000000000010 b g_apmISession
00000000000b3b30 0000000000000010 b g_apmSrv
00000000000b3b40 0000000000000008 b g_bsdGuard
00000000000b3b48 0000000000000010 b g_bsdMonitor
00000000000b3b58 0000000000000054 b g_bsdSessionMgr
00000000000b3bb0 0000000000000010 b g_bsdSrv
00000000000b3bc0 0000000000000028 b g_bsdTmem
00000000000b3be8 0000000000000008 b g_hidGuard
00000000000b3bf0 0000000000000010 b g_hidIActiveVibrationDeviceList
00000000000b3c00 0000000000000010 b g_hidIAppletResource
00000000000b3c10 0000000000000020 b g_hidSharedmem
00000000000b3c30 0000000000000010 b g_hidSrv
00000000000b3c40 0000000000000001 b g_scanInputInitialized
00000000000b3c48 0000000000000008 b g_sevenSixAxisSensorBuffer
00000000000b3c50 0000000000000080 b g_defaultWin
00000000000b3cd0 0000000000000050 b g_viDisplay
00000000000b3d20 0000000000000010 b g_viLayer
00000000000b3d30 0000000000000004 B __system_argc
00000000000b3d38 0000000000000008 B __system_argv
00000000000b3d40 0000000000000008 b g_argv_empty
00000000000b3d48 0000000000000004 V __nx_exception_ignoredebug
00000000000b3d50 0000000000000400 V __nx_exception_stack
00000000000b4150 0000000000000340 B __nx_exceptiondump
00000000000b4490 0000000000000008 V __nx_heap_size
00000000000b4498 0000000000000008 b __bootticks
00000000000b44a0 0000000000000008 b __boottime
00000000000b44a8 0000000000000004 V __nx_time_type
00000000000b44b0 0000000000000004 B __nxlink_host
00000000000b44b4 0000000000000004 b fsdev_fsdevice_cwd
00000000000b44b8 0000000000002400 b fsdev_fsdevices
00000000000b68b8 0000000000000001 b fsdev_initialised
00000000000b68c0 0000000000000040 b g_chacha
00000000000b6900 0000000000000001 b g_randInit
00000000000b6904 0000000000000004 b g_randMutex
00000000000b6908 0000000000000038 b g_mainThread
00000000000b6940 0000000000000008 b g_threadList
00000000000b6948 0000000000000004 b g_threadMutex
00000000000b6950 0000000000000008 b g_fsGuard
00000000000b6958 0000000000000054 b g_fsSessionMgr
00000000000b69b0 0000000000000010 b g_fsSrv
00000000000b69c0 0000000000000008 b g_nvGuard
00000000000b69c8 0000000000000010 b g_nvSrv
00000000000b69d8 0000000000000010 b g_nvSrvClone
00000000000b69e8 0000000000000028 b g_nvTransfermem
00000000000b6a10 0000000000000008 b g_setsysGuard
00000000000b6a18 0000000000000010 b g_setsysSrv
00000000000b6a28 0000000000000004 V __nx_time_service_type
00000000000b6a30 0000000000000008 b g_timeGuard
00000000000b6a38 0000000000000010 b g_timeLocalSystemClock
00000000000b6a48 0000000000000010 b g_timeNetworkSystemClock
00000000000b6a58 0000000000000020 b g_timeSharedmem
00000000000b6a78 0000000000000010 b g_timeSrv
00000000000b6a88 0000000000000010 b g_timeSteadyClock
00000000000b6a98 0000000000000010 b g_timeTimeZoneService
00000000000b6aa8 0000000000000010 b g_timeUserSystemClock
00000000000b6ab8 0000000000000008 V __nx_vi_layer_id
00000000000b6ac0 0000000000000008 b g_viGuard
00000000000b6ac8 0000000000000010 b g_viIApplicationDisplayService
00000000000b6ad8 0000000000000010 b g_viIHOSBinderDriverIndirect
00000000000b6ae8 0000000000000010 b g_viIHOSBinderDriverRelay
00000000000b6af8 0000000000000010 b g_viIManagerDisplayService
00000000000b6b08 0000000000000010 b g_viISystemDisplayService
00000000000b6b18 0000000000000008 b g_NvEventUsedMask
00000000000b6b20 0000000000000300 b g_NvEvents
00000000000b6e20 0000000000000008 b g_nvFenceGuard
00000000000b6e28 0000000000000008 b g_nvMapGuard
00000000000b6e30 000000000000000c b __sfp_recursive_mutex
00000000000b6e40 000000000000000c b __sinit_recursive_mutex
00000000000b6e50 0000000000000028 B __malloc_current_mallinfo
00000000000b6e78 0000000000000008 B __malloc_max_sbrked_mem
00000000000b6e80 0000000000000008 B __malloc_max_total_mem
00000000000b6e88 0000000000000008 B __malloc_top_pad
00000000000b6e90 000000000000000c b __malloc_recursive_mutex
00000000000b6e9c 0000000000000004 b alloced.0
00000000000b6ea0 000000000000000c B __atexit_recursive_mutex
00000000000b6eb0 0000000000000008 b initial_env
00000000000b6eb8 000000000000000c b __env_recursive_mutex
00000000000b6ec8 0000000000000008 b heap_start.0
00000000000b6ed0 0000000000000008 B fake_heap_end
00000000000b6ed8 0000000000000008 B fake_heap_start
00000000000b6ee0 0000000000000400 b temp_cwd
00000000000b72e0 0000000000000004 b __hndl_lock
00000000000b72e8 B __tls_start
00000000000b7708 B __bss_end__
00000000000b7708 A __end__
00000000000b7708 B __tls_end
00000000000b8000 A __argdata__
